auto_improve_alphazero: per-slot encoding → auto-scaled hidden=768/384
  Seeded best_model.npz from reports/ml/phase4_slot_v3/best_model.npz

============================================================
  AlphaZero iter 1/10 | mcts_sims=15
  out: reports/ml/alphazero_pilot_v2/iter_001
============================================================

  [1/4] Generating self-play data (200 games, 15 sims, 4 workers)...
  [az-selfplay] game 5/50 | samples=260 | mean_delta=0.0 | elapsed=4164.4s
  [az-selfplay] game 10/50 | samples=520 | mean_delta=0.0 | elapsed=8253.4s
  [az-selfplay] game 15/50 | samples=780 | mean_delta=0.0 | elapsed=12432.5s
  [az-selfplay] game 20/50 | samples=1040 | mean_delta=0.0 | elapsed=16669.3s
  [az-selfplay] game 25/50 | samples=1300 | mean_delta=0.0 | elapsed=20632.6s
  [az-selfplay] game 30/50 | samples=1560 | mean_delta=0.0 | elapsed=24740.2s
  [az-selfplay] game 35/50 | samples=1820 | mean_delta=0.0 | elapsed=28837.1s
  [az-selfplay] game 40/50 | samples=2080 | mean_delta=0.0 | elapsed=33036.0s
  [az-selfplay] game 45/50 | samples=2340 | mean_delta=0.0 | elapsed=36820.6s
  [az-selfplay] game 50/50 | samples=2600 | mean_delta=0.0 | elapsed=40467.2s
  [az-selfplay] game 5/50 | samples=260 | mean_delta=0.0 | elapsed=4034.2s
  [az-selfplay] game 10/50 | samples=520 | mean_delta=0.0 | elapsed=8271.0s
  [az-selfplay] game 15/50 | samples=780 | mean_delta=0.0 | elapsed=12527.0s
  [az-selfplay] game 20/50 | samples=1040 | mean_delta=0.0 | elapsed=16666.1s
  [az-selfplay] game 25/50 | samples=1300 | mean_delta=0.0 | elapsed=20732.3s
  [az-selfplay] game 30/50 | samples=1560 | mean_delta=0.0 | elapsed=24918.3s
  [az-selfplay] game 35/50 | samples=1820 | mean_delta=0.0 | elapsed=29172.9s
  [az-selfplay] game 40/50 | samples=2080 | mean_delta=0.0 | elapsed=33393.3s
  [az-selfplay] game 45/50 | samples=2340 | mean_delta=0.0 | elapsed=37022.9s
  [az-selfplay] game 50/50 | samples=2600 | mean_delta=0.0 | elapsed=40480.1s
  [az-selfplay] game 5/50 | samples=260 | mean_delta=0.0 | elapsed=4072.2s
  [az-selfplay] game 10/50 | samples=520 | mean_delta=0.0 | elapsed=8159.9s
  [az-selfplay] game 15/50 | samples=780 | mean_delta=0.0 | elapsed=12196.4s
  [az-selfplay] game 20/50 | samples=1040 | mean_delta=0.0 | elapsed=16408.2s
  [az-selfplay] game 25/50 | samples=1300 | mean_delta=0.0 | elapsed=20426.0s
  [az-selfplay] game 30/50 | samples=1560 | mean_delta=0.0 | elapsed=24521.1s
  [az-selfplay] game 35/50 | samples=1820 | mean_delta=0.0 | elapsed=28564.4s
  [az-selfplay] game 40/50 | samples=2080 | mean_delta=0.0 | elapsed=32804.3s
  [az-selfplay] game 45/50 | samples=2340 | mean_delta=0.0 | elapsed=36458.3s
  [az-selfplay] game 50/50 | samples=2600 | mean_delta=0.0 | elapsed=40236.3s
  Data gen complete: 10400 samples | mean_delta=0.0

  [2/4] Training (30 epochs, hidden=768/384)...
Loading dataset: reports/ml/alphazero_pilot_v2/iter_001/az_dataset.jsonl
Loaded 10400 samples | feature_dim=1072
Training device: mps
warm-start from reports/ml/alphazero_pilot_v2/best_model.npz | applied=30 skipped=0
epoch 1/30 | lr=0.000100 | train_loss=1.8356 train_acc=0.561 train_v=0.0759 train_mv=0.5770 | val_loss=1.4120 val_acc=0.657 val_v=0.0558 val_mv=0.5841
epoch 2/30 | lr=0.000300 | train_loss=1.4031 train_acc=0.663 train_v=0.0552 train_mv=0.5760 | val_loss=1.2867 val_acc=0.730 val_v=0.0526 val_mv=0.5826
epoch 3/30 | lr=0.000500 | train_loss=1.2065 train_acc=0.706 train_v=0.0532 train_mv=0.5742 | val_loss=1.2303 val_acc=0.752 val_v=0.0505 val_mv=0.5803
epoch 4/30 | lr=0.000500 | train_loss=1.0561 train_acc=0.729 train_v=0.0509 train_mv=0.5720 | val_loss=1.2220 val_acc=0.750 val_v=0.0487 val_mv=0.5780
epoch 5/30 | lr=0.000500 | train_loss=0.9651 train_acc=0.748 train_v=0.0497 train_mv=0.5696 | val_loss=1.2124 val_acc=0.778 val_v=0.0470 val_mv=0.5757
epoch 6/30 | lr=0.000500 | train_loss=0.9174 train_acc=0.756 train_v=0.0488 train_mv=0.5672 | val_loss=1.1850 val_acc=0.791 val_v=0.0462 val_mv=0.5735
epoch 7/30 | lr=0.000500 | train_loss=0.8481 train_acc=0.776 train_v=0.0478 train_mv=0.5652 | val_loss=1.1895 val_acc=0.790 val_v=0.0455 val_mv=0.5713
epoch 8/30 | lr=0.000500 | train_loss=0.8140 train_acc=0.778 train_v=0.0468 train_mv=0.5629 | val_loss=1.1784 val_acc=0.793 val_v=0.0441 val_mv=0.5692
epoch 9/30 | lr=0.000350 | train_loss=0.7809 train_acc=0.790 train_v=0.0466 train_mv=0.5612 | val_loss=1.1881 val_acc=0.791 val_v=0.0437 val_mv=0.5678
epoch 10/30 | lr=0.000350 | train_loss=0.7577 train_acc=0.796 train_v=0.0461 train_mv=0.5599 | val_loss=1.1841 val_acc=0.800 val_v=0.0432 val_mv=0.5663
epoch 11/30 | lr=0.000350 | train_loss=0.7348 train_acc=0.803 train_v=0.0453 train_mv=0.5584 | val_loss=1.1690 val_acc=0.800 val_v=0.0427 val_mv=0.5649
epoch 12/30 | lr=0.000350 | train_loss=0.7244 train_acc=0.805 train_v=0.0454 train_mv=0.5569 | val_loss=1.1608 val_acc=0.802 val_v=0.0424 val_mv=0.5635
epoch 13/30 | lr=0.000350 | train_loss=0.7026 train_acc=0.810 train_v=0.0448 train_mv=0.5556 | val_loss=1.1601 val_acc=0.805 val_v=0.0420 val_mv=0.5621
epoch 14/30 | lr=0.000245 | train_loss=0.6862 train_acc=0.818 train_v=0.0448 train_mv=0.5545 | val_loss=1.1660 val_acc=0.808 val_v=0.0416 val_mv=0.5612
epoch 15/30 | lr=0.000245 | train_loss=0.6784 train_acc=0.820 train_v=0.0444 train_mv=0.5534 | val_loss=1.1653 val_acc=0.806 val_v=0.0412 val_mv=0.5602
epoch 16/30 | lr=0.000245 | train_loss=0.6675 train_acc=0.823 train_v=0.0439 train_mv=0.5528 | val_loss=1.1522 val_acc=0.812 val_v=0.0410 val_mv=0.5593
epoch 17/30 | lr=0.000245 | train_loss=0.6587 train_acc=0.823 train_v=0.0439 train_mv=0.5518 | val_loss=1.1636 val_acc=0.808 val_v=0.0406 val_mv=0.5584
epoch 18/30 | lr=0.000245 | train_loss=0.6523 train_acc=0.826 train_v=0.0441 train_mv=0.5507 | val_loss=1.1644 val_acc=0.812 val_v=0.0402 val_mv=0.5575
epoch 19/30 | lr=0.000171 | train_loss=0.6422 train_acc=0.832 train_v=0.0434 train_mv=0.5500 | val_loss=1.1672 val_acc=0.806 val_v=0.0402 val_mv=0.5568
epoch 20/30 | lr=0.000171 | train_loss=0.6362 train_acc=0.830 train_v=0.0435 train_mv=0.5494 | val_loss=1.1614 val_acc=0.809 val_v=0.0400 val_mv=0.5562
epoch 21/30 | lr=0.000171 | train_loss=0.6312 train_acc=0.831 train_v=0.0437 train_mv=0.5488 | val_loss=1.1697 val_acc=0.808 val_v=0.0398 val_mv=0.5556
  Training done: epochs=21 | val_loss=1.1522

  [3/4] Evaluating vs heuristic (40 games)...
game 20/40 | nn_wins=15 h_wins=4 ties=1 | nn_avg=57.1 h_avg=46.9
game 40/40 | nn_wins=29 h_wins=9 ties=2 | nn_avg=57.2 h_avg=48.3
  Eval: nn_wins=29 / 40 | mean_score=57.2 | win_rate=0.725

  [4/4] Promotion gate (80 games)...
game 20/80 | nn_wins=15 h_wins=4 ties=1 | nn_avg=58.5 h_avg=47.2
game 40/80 | nn_wins=31 h_wins=8 ties=1 | nn_avg=57.3 h_avg=47.3
game 60/80 | nn_wins=47 h_wins=12 ties=1 | nn_avg=58.4 h_avg=47.4
game 80/80 | nn_wins=60 h_wins=18 ties=2 | nn_avg=58.4 h_avg=47.4
  Gate: nn_wins=60 / 80 | win_rate=0.750 | promoted=True
  ✓ Promoted! best_model.npz updated.

============================================================
  AlphaZero iter 2/10 | mcts_sims=15
  out: reports/ml/alphazero_pilot_v2/iter_002
============================================================

  [1/4] Generating self-play data (200 games, 15 sims, 4 workers)...
  [az-selfplay] game 5/50 | samples=260 | mean_delta=0.0 | elapsed=29.9s
  [az-selfplay] game 10/50 | samples=520 | mean_delta=0.0 | elapsed=61.1s
  [az-selfplay] game 15/50 | samples=780 | mean_delta=0.0 | elapsed=96.4s
  [az-selfplay] game 20/50 | samples=1040 | mean_delta=0.0 | elapsed=130.5s
  [az-selfplay] game 25/50 | samples=1300 | mean_delta=0.0 | elapsed=164.7s
  [az-selfplay] game 30/50 | samples=1560 | mean_delta=0.0 | elapsed=199.1s
  [az-selfplay] game 35/50 | samples=1820 | mean_delta=0.0 | elapsed=234.4s
  [az-selfplay] game 40/50 | samples=2080 | mean_delta=0.0 | elapsed=268.5s
  [az-selfplay] game 45/50 | samples=2340 | mean_delta=0.0 | elapsed=302.5s
  [az-selfplay] game 50/50 | samples=2600 | mean_delta=0.0 | elapsed=338.4s
  [az-selfplay] game 5/50 | samples=260 | mean_delta=0.0 | elapsed=29.2s
  [az-selfplay] game 10/50 | samples=520 | mean_delta=0.0 | elapsed=60.6s
  [az-selfplay] game 15/50 | samples=780 | mean_delta=0.0 | elapsed=95.2s
  [az-selfplay] game 20/50 | samples=1040 | mean_delta=0.0 | elapsed=130.1s
  [az-selfplay] game 25/50 | samples=1300 | mean_delta=0.0 | elapsed=164.3s
  [az-selfplay] game 30/50 | samples=1560 | mean_delta=0.0 | elapsed=199.5s
  [az-selfplay] game 35/50 | samples=1820 | mean_delta=0.0 | elapsed=234.1s
  [az-selfplay] game 40/50 | samples=2080 | mean_delta=0.0 | elapsed=268.1s
  [az-selfplay] game 45/50 | samples=2340 | mean_delta=0.0 | elapsed=302.4s
  [az-selfplay] game 50/50 | samples=2600 | mean_delta=0.0 | elapsed=337.2s
  [az-selfplay] game 5/50 | samples=260 | mean_delta=0.0 | elapsed=28.9s
  [az-selfplay] game 10/50 | samples=520 | mean_delta=0.0 | elapsed=61.2s
  [az-selfplay] game 15/50 | samples=780 | mean_delta=0.0 | elapsed=94.9s
  [az-selfplay] game 20/50 | samples=1040 | mean_delta=0.0 | elapsed=129.2s
  [az-selfplay] game 25/50 | samples=1300 | mean_delta=0.0 | elapsed=163.7s
  [az-selfplay] game 30/50 | samples=1560 | mean_delta=0.0 | elapsed=198.9s
  [az-selfplay] game 35/50 | samples=1820 | mean_delta=0.0 | elapsed=234.6s
  [az-selfplay] game 40/50 | samples=2080 | mean_delta=0.0 | elapsed=268.7s
  [az-selfplay] game 45/50 | samples=2340 | mean_delta=0.0 | elapsed=304.7s
  [az-selfplay] game 50/50 | samples=2600 | mean_delta=0.0 | elapsed=340.8s
  [az-selfplay] game 5/50 | samples=260 | mean_delta=0.0 | elapsed=29.3s
  [az-selfplay] game 10/50 | samples=520 | mean_delta=0.0 | elapsed=61.0s
  [az-selfplay] game 15/50 | samples=780 | mean_delta=0.0 | elapsed=96.1s
  [az-selfplay] game 20/50 | samples=1040 | mean_delta=0.0 | elapsed=131.3s
  [az-selfplay] game 25/50 | samples=1300 | mean_delta=0.0 | elapsed=166.0s
  [az-selfplay] game 30/50 | samples=1560 | mean_delta=0.0 | elapsed=201.7s
  [az-selfplay] game 35/50 | samples=1820 | mean_delta=0.0 | elapsed=237.0s
  [az-selfplay] game 40/50 | samples=2080 | mean_delta=0.0 | elapsed=271.7s
  [az-selfplay] game 45/50 | samples=2340 | mean_delta=0.0 | elapsed=306.6s
  [az-selfplay] game 50/50 | samples=2600 | mean_delta=0.0 | elapsed=341.7s
  Data gen complete: 10400 samples | mean_delta=0.0
  Combined dataset: 20800 samples (new=10400 + replay)

  [2/4] Training (30 epochs, hidden=768/384)...
Loading dataset: reports/ml/alphazero_pilot_v2/iter_002/az_dataset_combined.jsonl
Loaded 20800 samples | feature_dim=1072
Training device: mps
warm-start from reports/ml/alphazero_pilot_v2/best_model.npz | applied=30 skipped=0
epoch 1/30 | lr=0.000100 | train_loss=1.3546 train_acc=0.728 train_v=0.0417 train_mv=0.5444 | val_loss=1.1522 val_acc=0.764 val_v=0.0398 val_mv=0.5467
epoch 2/30 | lr=0.000300 | train_loss=1.2464 train_acc=0.730 train_v=0.0413 train_mv=0.5432 | val_loss=1.1328 val_acc=0.755 val_v=0.0399 val_mv=0.5449
epoch 3/30 | lr=0.000500 | train_loss=1.1467 train_acc=0.735 train_v=0.0410 train_mv=0.5407 | val_loss=1.1299 val_acc=0.757 val_v=0.0400 val_mv=0.5420
epoch 4/30 | lr=0.000500 | train_loss=1.0722 train_acc=0.740 train_v=0.0405 train_mv=0.5378 | val_loss=1.1260 val_acc=0.766 val_v=0.0392 val_mv=0.5392
epoch 5/30 | lr=0.000500 | train_loss=0.9966 train_acc=0.750 train_v=0.0397 train_mv=0.5349 | val_loss=1.1461 val_acc=0.760 val_v=0.0388 val_mv=0.5365
epoch 6/30 | lr=0.000500 | train_loss=0.9633 train_acc=0.753 train_v=0.0390 train_mv=0.5322 | val_loss=1.1429 val_acc=0.760 val_v=0.0385 val_mv=0.5339
epoch 7/30 | lr=0.000500 | train_loss=0.9342 train_acc=0.754 train_v=0.0392 train_mv=0.5295 | val_loss=1.1621 val_acc=0.758 val_v=0.0378 val_mv=0.5314
epoch 8/30 | lr=0.000500 | train_loss=0.8906 train_acc=0.766 train_v=0.0390 train_mv=0.5271 | val_loss=1.1632 val_acc=0.766 val_v=0.0381 val_mv=0.5290
epoch 9/30 | lr=0.000350 | train_loss=0.8635 train_acc=0.768 train_v=0.0383 train_mv=0.5250 | val_loss=1.1594 val_acc=0.761 val_v=0.0375 val_mv=0.5274
  Training done: epochs=9 | val_loss=1.1260

  [3/4] Evaluating vs heuristic (40 games)...
game 20/40 | nn_wins=12 h_wins=8 ties=0 | nn_avg=53.5 h_avg=48.0
game 40/40 | nn_wins=26 h_wins=12 ties=2 | nn_avg=56.3 h_avg=49.7
  Eval: nn_wins=26 / 40 | mean_score=56.3 | win_rate=0.650

  [4/4] Promotion gate (80 games)...
game 20/80 | nn_wins=14 h_wins=6 ties=0 | nn_avg=56.4 h_avg=47.7
game 40/80 | nn_wins=27 h_wins=12 ties=1 | nn_avg=56.6 h_avg=48.3
game 60/80 | nn_wins=38 h_wins=21 ties=1 | nn_avg=57.2 h_avg=50.1
game 80/80 | nn_wins=51 h_wins=28 ties=1 | nn_avg=58.8 h_avg=50.1
  Gate: nn_wins=51 / 80 | win_rate=0.637 | promoted=True
  ✓ Promoted! best_model.npz updated.

============================================================
  AlphaZero iter 3/10 | mcts_sims=15
  out: reports/ml/alphazero_pilot_v2/iter_003
============================================================

  [1/4] Generating self-play data (200 games, 15 sims, 4 workers)...
  [az-selfplay] game 5/50 | samples=260 | mean_delta=0.0 | elapsed=37.8s
  [az-selfplay] game 10/50 | samples=520 | mean_delta=0.0 | elapsed=76.7s
  [az-selfplay] game 15/50 | samples=780 | mean_delta=0.0 | elapsed=114.0s
  [az-selfplay] game 20/50 | samples=1040 | mean_delta=0.0 | elapsed=151.8s
  [az-selfplay] game 25/50 | samples=1300 | mean_delta=0.0 | elapsed=180.9s
  [az-selfplay] game 30/50 | samples=1560 | mean_delta=0.0 | elapsed=209.2s
  [az-selfplay] game 35/50 | samples=1820 | mean_delta=0.0 | elapsed=244.4s
  [az-selfplay] game 40/50 | samples=2080 | mean_delta=0.0 | elapsed=284.2s
  [az-selfplay] game 45/50 | samples=2340 | mean_delta=0.0 | elapsed=325.0s
  [az-selfplay] game 50/50 | samples=2600 | mean_delta=0.0 | elapsed=361.3s
  [az-selfplay] game 5/50 | samples=260 | mean_delta=0.0 | elapsed=36.3s
  [az-selfplay] game 10/50 | samples=520 | mean_delta=0.0 | elapsed=74.6s
  [az-selfplay] game 15/50 | samples=780 | mean_delta=0.0 | elapsed=112.7s
  [az-selfplay] game 20/50 | samples=1040 | mean_delta=0.0 | elapsed=150.1s
  [az-selfplay] game 25/50 | samples=1300 | mean_delta=0.0 | elapsed=180.5s
  [az-selfplay] game 30/50 | samples=1560 | mean_delta=0.0 | elapsed=209.5s
  [az-selfplay] game 35/50 | samples=1820 | mean_delta=0.0 | elapsed=244.3s
  [az-selfplay] game 40/50 | samples=2080 | mean_delta=0.0 | elapsed=285.8s
  [az-selfplay] game 45/50 | samples=2340 | mean_delta=0.0 | elapsed=325.7s
  [az-selfplay] game 50/50 | samples=2600 | mean_delta=0.0 | elapsed=361.8s
  [az-selfplay] game 5/50 | samples=260 | mean_delta=0.0 | elapsed=37.8s
  [az-selfplay] game 10/50 | samples=520 | mean_delta=0.0 | elapsed=74.9s
  [az-selfplay] game 15/50 | samples=780 | mean_delta=0.0 | elapsed=113.2s
  [az-selfplay] game 20/50 | samples=1040 | mean_delta=0.0 | elapsed=150.0s
  [az-selfplay] game 25/50 | samples=1300 | mean_delta=0.0 | elapsed=180.5s
  [az-selfplay] game 30/50 | samples=1560 | mean_delta=0.0 | elapsed=209.5s
  [az-selfplay] game 35/50 | samples=1820 | mean_delta=0.0 | elapsed=246.1s
  [az-selfplay] game 40/50 | samples=2080 | mean_delta=0.0 | elapsed=286.6s
  [az-selfplay] game 45/50 | samples=2340 | mean_delta=0.0 | elapsed=326.2s
  [az-selfplay] game 50/50 | samples=2600 | mean_delta=0.0 | elapsed=362.8s
  [az-selfplay] game 5/50 | samples=260 | mean_delta=0.0 | elapsed=37.6s
  [az-selfplay] game 10/50 | samples=520 | mean_delta=0.0 | elapsed=74.3s
  [az-selfplay] game 15/50 | samples=780 | mean_delta=0.0 | elapsed=113.0s
  [az-selfplay] game 20/50 | samples=1040 | mean_delta=0.0 | elapsed=150.2s
  [az-selfplay] game 25/50 | samples=1300 | mean_delta=0.0 | elapsed=180.5s
  [az-selfplay] game 30/50 | samples=1560 | mean_delta=0.0 | elapsed=209.6s
  [az-selfplay] game 35/50 | samples=1820 | mean_delta=0.0 | elapsed=244.1s
  [az-selfplay] game 40/50 | samples=2080 | mean_delta=0.0 | elapsed=286.0s
  [az-selfplay] game 45/50 | samples=2340 | mean_delta=0.0 | elapsed=326.5s
  [az-selfplay] game 50/50 | samples=2600 | mean_delta=0.0 | elapsed=363.2s
  Data gen complete: 10400 samples | mean_delta=0.0
  Combined dataset: 31200 samples (new=10400 + replay)

  [2/4] Training (30 epochs, hidden=768/384)...
Loading dataset: reports/ml/alphazero_pilot_v2/iter_003/az_dataset_combined.jsonl
Loaded 31200 samples | feature_dim=1072
Training device: mps
warm-start from reports/ml/alphazero_pilot_v2/best_model.npz | applied=30 skipped=0
epoch 1/30 | lr=0.000100 | train_loss=1.3227 train_acc=0.700 train_v=0.0407 train_mv=0.5283 | val_loss=1.2000 val_acc=0.724 val_v=0.0376 val_mv=0.5257
epoch 2/30 | lr=0.000300 | train_loss=1.2704 train_acc=0.700 train_v=0.0407 train_mv=0.5267 | val_loss=1.2059 val_acc=0.723 val_v=0.0376 val_mv=0.5235
epoch 3/30 | lr=0.000500 | train_loss=1.2206 train_acc=0.704 train_v=0.0402 train_mv=0.5236 | val_loss=1.2522 val_acc=0.721 val_v=0.0369 val_mv=0.5198
epoch 4/30 | lr=0.000500 | train_loss=1.1463 train_acc=0.711 train_v=0.0395 train_mv=0.5200 | val_loss=1.2443 val_acc=0.723 val_v=0.0361 val_mv=0.5164
epoch 5/30 | lr=0.000500 | train_loss=1.1034 train_acc=0.716 train_v=0.0389 train_mv=0.5165 | val_loss=1.2469 val_acc=0.721 val_v=0.0355 val_mv=0.5131
epoch 6/30 | lr=0.000500 | train_loss=1.0572 train_acc=0.722 train_v=0.0381 train_mv=0.5133 | val_loss=1.2599 val_acc=0.723 val_v=0.0349 val_mv=0.5100
  Training done: epochs=6 | val_loss=1.2000

  [3/4] Evaluating vs heuristic (40 games)...
game 20/40 | nn_wins=18 h_wins=2 ties=0 | nn_avg=64.8 h_avg=48.1
game 40/40 | nn_wins=32 h_wins=7 ties=1 | nn_avg=62.0 h_avg=47.8
  Eval: nn_wins=32 / 40 | mean_score=62.0 | win_rate=0.800

  [4/4] Promotion gate (80 games)...
game 20/80 | nn_wins=13 h_wins=7 ties=0 | nn_avg=54.3 h_avg=47.8
game 40/80 | nn_wins=26 h_wins=14 ties=0 | nn_avg=52.8 h_avg=49.1
game 60/80 | nn_wins=43 h_wins=17 ties=0 | nn_avg=53.9 h_avg=47.8
game 80/80 | nn_wins=55 h_wins=25 ties=0 | nn_avg=56.1 h_avg=49.2
  Gate: nn_wins=55 / 80 | win_rate=0.688 | promoted=True
  ✓ Promoted! best_model.npz updated.

============================================================
  AlphaZero iter 4/10 | mcts_sims=15
  out: reports/ml/alphazero_pilot_v2/iter_004
============================================================

  [1/4] Generating self-play data (200 games, 15 sims, 4 workers)...
  [az-selfplay] game 5/50 | samples=260 | mean_delta=0.0 | elapsed=36.0s
  [az-selfplay] game 10/50 | samples=520 | mean_delta=0.0 | elapsed=73.7s
  [az-selfplay] game 15/50 | samples=780 | mean_delta=0.0 | elapsed=110.6s
  [az-selfplay] game 20/50 | samples=1040 | mean_delta=0.0 | elapsed=145.8s
  [az-selfplay] game 25/50 | samples=1300 | mean_delta=0.0 | elapsed=180.9s
  [az-selfplay] game 30/50 | samples=1560 | mean_delta=0.0 | elapsed=215.6s
  [az-selfplay] game 35/50 | samples=1820 | mean_delta=0.0 | elapsed=250.6s
  [az-selfplay] game 40/50 | samples=2080 | mean_delta=0.0 | elapsed=284.9s
  [az-selfplay] game 45/50 | samples=2340 | mean_delta=0.0 | elapsed=319.5s
  [az-selfplay] game 50/50 | samples=2600 | mean_delta=0.0 | elapsed=350.4s
  [az-selfplay] game 5/50 | samples=260 | mean_delta=0.0 | elapsed=36.2s
  [az-selfplay] game 10/50 | samples=520 | mean_delta=0.0 | elapsed=71.9s
  [az-selfplay] game 15/50 | samples=780 | mean_delta=0.0 | elapsed=108.9s
  [az-selfplay] game 20/50 | samples=1040 | mean_delta=0.0 | elapsed=144.9s
  [az-selfplay] game 25/50 | samples=1300 | mean_delta=0.0 | elapsed=179.0s
  [az-selfplay] game 30/50 | samples=1560 | mean_delta=0.0 | elapsed=215.0s
  [az-selfplay] game 35/50 | samples=1820 | mean_delta=0.0 | elapsed=249.9s
  [az-selfplay] game 40/50 | samples=2080 | mean_delta=0.0 | elapsed=285.7s
  [az-selfplay] game 45/50 | samples=2340 | mean_delta=0.0 | elapsed=320.4s
  [az-selfplay] game 50/50 | samples=2600 | mean_delta=0.0 | elapsed=351.5s
  [az-selfplay] game 5/50 | samples=260 | mean_delta=0.0 | elapsed=36.9s
  [az-selfplay] game 10/50 | samples=520 | mean_delta=0.0 | elapsed=74.1s
  [az-selfplay] game 15/50 | samples=780 | mean_delta=0.0 | elapsed=110.0s
  [az-selfplay] game 20/50 | samples=1040 | mean_delta=0.0 | elapsed=146.4s
  [az-selfplay] game 25/50 | samples=1300 | mean_delta=0.0 | elapsed=182.0s
  [az-selfplay] game 30/50 | samples=1560 | mean_delta=0.0 | elapsed=217.5s
  [az-selfplay] game 35/50 | samples=1820 | mean_delta=0.0 | elapsed=252.1s
  [az-selfplay] game 40/50 | samples=2080 | mean_delta=0.0 | elapsed=287.7s
  [az-selfplay] game 45/50 | samples=2340 | mean_delta=0.0 | elapsed=321.9s
  [az-selfplay] game 50/50 | samples=2600 | mean_delta=0.0 | elapsed=352.5s
  [az-selfplay] game 5/50 | samples=260 | mean_delta=0.0 | elapsed=36.6s
  [az-selfplay] game 10/50 | samples=520 | mean_delta=0.0 | elapsed=73.8s
  [az-selfplay] game 15/50 | samples=780 | mean_delta=0.0 | elapsed=110.3s
  [az-selfplay] game 20/50 | samples=1040 | mean_delta=0.0 | elapsed=146.2s
  [az-selfplay] game 25/50 | samples=1300 | mean_delta=0.0 | elapsed=181.2s
  [az-selfplay] game 30/50 | samples=1560 | mean_delta=0.0 | elapsed=216.6s
  [az-selfplay] game 35/50 | samples=1820 | mean_delta=0.0 | elapsed=251.0s
  [az-selfplay] game 40/50 | samples=2080 | mean_delta=0.0 | elapsed=287.2s
  [az-selfplay] game 45/50 | samples=2340 | mean_delta=0.0 | elapsed=323.8s
  [az-selfplay] game 50/50 | samples=2600 | mean_delta=0.0 | elapsed=354.1s
  Data gen complete: 10400 samples | mean_delta=0.0
  Combined dataset: 41600 samples (new=10400 + replay)

  [2/4] Training (30 epochs, hidden=768/384)...
Loading dataset: reports/ml/alphazero_pilot_v2/iter_004/az_dataset_combined.jsonl
Loaded 41600 samples | feature_dim=1072
Training device: mps
warm-start from reports/ml/alphazero_pilot_v2/best_model.npz | applied=30 skipped=0
epoch 1/30 | lr=0.000100 | train_loss=1.4801 train_acc=0.667 train_v=0.0393 train_mv=0.5261 | val_loss=1.3088 val_acc=0.698 val_v=0.0359 val_mv=0.5222
epoch 2/30 | lr=0.000300 | train_loss=1.4240 train_acc=0.669 train_v=0.0387 train_mv=0.5242 | val_loss=1.3093 val_acc=0.697 val_v=0.0357 val_mv=0.5194
epoch 3/30 | lr=0.000500 | train_loss=1.3532 train_acc=0.674 train_v=0.0377 train_mv=0.5205 | val_loss=1.3290 val_acc=0.705 val_v=0.0346 val_mv=0.5149
epoch 4/30 | lr=0.000500 | train_loss=1.2786 train_acc=0.682 train_v=0.0369 train_mv=0.5161 | val_loss=1.3425 val_acc=0.701 val_v=0.0341 val_mv=0.5108
epoch 5/30 | lr=0.000500 | train_loss=1.2302 train_acc=0.686 train_v=0.0362 train_mv=0.5120 | val_loss=1.3471 val_acc=0.703 val_v=0.0333 val_mv=0.5069
epoch 6/30 | lr=0.000500 | train_loss=1.1801 train_acc=0.690 train_v=0.0357 train_mv=0.5083 | val_loss=1.3478 val_acc=0.702 val_v=0.0328 val_mv=0.5033
  Training done: epochs=6 | val_loss=1.3088

  [3/4] Evaluating vs heuristic (40 games)...
game 20/40 | nn_wins=12 h_wins=7 ties=1 | nn_avg=59.9 h_avg=53.0
game 40/40 | nn_wins=26 h_wins=12 ties=2 | nn_avg=58.0 h_avg=51.8
  Eval: nn_wins=26 / 40 | mean_score=58.0 | win_rate=0.650

  [4/4] Promotion gate (80 games)...
game 20/80 | nn_wins=15 h_wins=5 ties=0 | nn_avg=56.0 h_avg=47.8
game 40/80 | nn_wins=29 h_wins=10 ties=1 | nn_avg=58.4 h_avg=49.0
game 60/80 | nn_wins=40 h_wins=19 ties=1 | nn_avg=56.6 h_avg=49.9
game 80/80 | nn_wins=51 h_wins=27 ties=2 | nn_avg=56.2 h_avg=49.7
  Gate: nn_wins=51 / 80 | win_rate=0.637 | promoted=True
  ✓ Promoted! best_model.npz updated.

============================================================
  AlphaZero iter 5/10 | mcts_sims=15
  out: reports/ml/alphazero_pilot_v2/iter_005
============================================================

  [1/4] Generating self-play data (200 games, 15 sims, 4 workers)...
  [az-selfplay] game 5/50 | samples=260 | mean_delta=0.0 | elapsed=36.0s
  [az-selfplay] game 10/50 | samples=520 | mean_delta=0.0 | elapsed=66.7s
  [az-selfplay] game 15/50 | samples=780 | mean_delta=0.0 | elapsed=95.1s
  [az-selfplay] game 20/50 | samples=1040 | mean_delta=0.0 | elapsed=123.3s
  [az-selfplay] game 25/50 | samples=1300 | mean_delta=0.0 | elapsed=151.9s
  [az-selfplay] game 30/50 | samples=1560 | mean_delta=0.0 | elapsed=186.1s
  [az-selfplay] game 35/50 | samples=1820 | mean_delta=0.0 | elapsed=219.7s
  [az-selfplay] game 40/50 | samples=2080 | mean_delta=0.0 | elapsed=254.1s
  [az-selfplay] game 45/50 | samples=2340 | mean_delta=0.0 | elapsed=288.6s
  [az-selfplay] game 50/50 | samples=2600 | mean_delta=0.0 | elapsed=322.8s
  [az-selfplay] game 5/50 | samples=260 | mean_delta=0.0 | elapsed=35.0s
  [az-selfplay] game 10/50 | samples=520 | mean_delta=0.0 | elapsed=65.5s
  [az-selfplay] game 15/50 | samples=780 | mean_delta=0.0 | elapsed=95.2s
  [az-selfplay] game 20/50 | samples=1040 | mean_delta=0.0 | elapsed=123.1s
  [az-selfplay] game 25/50 | samples=1300 | mean_delta=0.0 | elapsed=152.5s
  [az-selfplay] game 30/50 | samples=1560 | mean_delta=0.0 | elapsed=187.0s
  [az-selfplay] game 35/50 | samples=1820 | mean_delta=0.0 | elapsed=220.6s
  [az-selfplay] game 40/50 | samples=2080 | mean_delta=0.0 | elapsed=256.2s
  [az-selfplay] game 45/50 | samples=2340 | mean_delta=0.0 | elapsed=290.4s
  [az-selfplay] game 50/50 | samples=2600 | mean_delta=0.0 | elapsed=324.4s
  [az-selfplay] game 5/50 | samples=260 | mean_delta=0.0 | elapsed=36.1s
  [az-selfplay] game 10/50 | samples=520 | mean_delta=0.0 | elapsed=66.1s
  [az-selfplay] game 15/50 | samples=780 | mean_delta=0.0 | elapsed=95.4s
  [az-selfplay] game 20/50 | samples=1040 | mean_delta=0.0 | elapsed=123.4s
  [az-selfplay] game 25/50 | samples=1300 | mean_delta=0.0 | elapsed=152.9s
  [az-selfplay] game 30/50 | samples=1560 | mean_delta=0.0 | elapsed=187.7s
  [az-selfplay] game 35/50 | samples=1820 | mean_delta=0.0 | elapsed=222.3s
  [az-selfplay] game 40/50 | samples=2080 | mean_delta=0.0 | elapsed=257.5s
  [az-selfplay] game 45/50 | samples=2340 | mean_delta=0.0 | elapsed=292.1s
  [az-selfplay] game 50/50 | samples=2600 | mean_delta=0.0 | elapsed=324.5s
  [az-selfplay] game 5/50 | samples=260 | mean_delta=0.0 | elapsed=35.0s
  [az-selfplay] game 10/50 | samples=520 | mean_delta=0.0 | elapsed=65.5s
  [az-selfplay] game 15/50 | samples=780 | mean_delta=0.0 | elapsed=93.7s
  [az-selfplay] game 20/50 | samples=1040 | mean_delta=0.0 | elapsed=122.2s
  [az-selfplay] game 25/50 | samples=1300 | mean_delta=0.0 | elapsed=151.0s
  [az-selfplay] game 30/50 | samples=1560 | mean_delta=0.0 | elapsed=186.2s
  [az-selfplay] game 35/50 | samples=1820 | mean_delta=0.0 | elapsed=221.3s
  [az-selfplay] game 40/50 | samples=2080 | mean_delta=0.0 | elapsed=255.5s
  [az-selfplay] game 45/50 | samples=2340 | mean_delta=0.0 | elapsed=289.9s
  [az-selfplay] game 50/50 | samples=2600 | mean_delta=0.0 | elapsed=325.5s
  Data gen complete: 10400 samples | mean_delta=0.0
  Combined dataset: 52000 samples (new=10400 + replay)

  [2/4] Training (30 epochs, hidden=768/384)...
Loading dataset: reports/ml/alphazero_pilot_v2/iter_005/az_dataset_combined.jsonl
Loaded 52000 samples | feature_dim=1072
Training device: mps
warm-start from reports/ml/alphazero_pilot_v2/best_model.npz | applied=30 skipped=0
epoch 1/30 | lr=0.000100 | train_loss=1.5377 train_acc=0.651 train_v=0.0365 train_mv=0.5225 | val_loss=1.3701 val_acc=0.676 val_v=0.0342 val_mv=0.5227
epoch 2/30 | lr=0.000300 | train_loss=1.4857 train_acc=0.652 train_v=0.0359 train_mv=0.5202 | val_loss=1.3726 val_acc=0.676 val_v=0.0337 val_mv=0.5192
epoch 3/30 | lr=0.000500 | train_loss=1.4358 train_acc=0.656 train_v=0.0354 train_mv=0.5158 | val_loss=1.3952 val_acc=0.673 val_v=0.0336 val_mv=0.5138
epoch 4/30 | lr=0.000500 | train_loss=1.3535 train_acc=0.666 train_v=0.0343 train_mv=0.5107 | val_loss=1.3860 val_acc=0.678 val_v=0.0325 val_mv=0.5088
epoch 5/30 | lr=0.000500 | train_loss=1.2964 train_acc=0.669 train_v=0.0335 train_mv=0.5059 | val_loss=1.4006 val_acc=0.685 val_v=0.0319 val_mv=0.5042
epoch 6/30 | lr=0.000500 | train_loss=1.2536 train_acc=0.677 train_v=0.0332 train_mv=0.5015 | val_loss=1.4117 val_acc=0.674 val_v=0.0313 val_mv=0.5001
  Training done: epochs=6 | val_loss=1.3701

  [3/4] Evaluating vs heuristic (40 games)...
game 20/40 | nn_wins=14 h_wins=5 ties=1 | nn_avg=60.2 h_avg=48.6
game 40/40 | nn_wins=28 h_wins=10 ties=2 | nn_avg=58.5 h_avg=49.7
  Eval: nn_wins=28 / 40 | mean_score=58.5 | win_rate=0.700

  [4/4] Promotion gate (80 games)...
game 20/80 | nn_wins=16 h_wins=4 ties=0 | nn_avg=60.7 h_avg=45.1
game 40/80 | nn_wins=27 h_wins=12 ties=1 | nn_avg=57.6 h_avg=48.2
game 60/80 | nn_wins=44 h_wins=15 ties=1 | nn_avg=58.0 h_avg=47.9
game 80/80 | nn_wins=56 h_wins=20 ties=4 | nn_avg=58.1 h_avg=48.2
  Gate: nn_wins=56 / 80 | win_rate=0.700 | promoted=True
  ✓ Promoted! best_model.npz updated.

============================================================
  AlphaZero iter 6/10 | mcts_sims=15
  out: reports/ml/alphazero_pilot_v2/iter_006
============================================================

  [1/4] Generating self-play data (200 games, 15 sims, 4 workers)...
  [az-selfplay] game 5/50 | samples=260 | mean_delta=0.0 | elapsed=33.9s
  [az-selfplay] game 10/50 | samples=520 | mean_delta=0.0 | elapsed=67.0s
  [az-selfplay] game 15/50 | samples=780 | mean_delta=0.0 | elapsed=100.4s
  [az-selfplay] game 20/50 | samples=1040 | mean_delta=0.0 | elapsed=132.7s
  [az-selfplay] game 25/50 | samples=1300 | mean_delta=0.0 | elapsed=167.8s
  [az-selfplay] game 30/50 | samples=1560 | mean_delta=0.0 | elapsed=202.4s
  [az-selfplay] game 35/50 | samples=1820 | mean_delta=0.0 | elapsed=235.8s
  [az-selfplay] game 40/50 | samples=2080 | mean_delta=0.0 | elapsed=269.7s
  [az-selfplay] game 45/50 | samples=2340 | mean_delta=0.0 | elapsed=298.9s
  [az-selfplay] game 50/50 | samples=2600 | mean_delta=0.0 | elapsed=325.7s
  [az-selfplay] game 5/50 | samples=260 | mean_delta=0.0 | elapsed=34.0s
  [az-selfplay] game 10/50 | samples=520 | mean_delta=0.0 | elapsed=67.4s
  [az-selfplay] game 15/50 | samples=780 | mean_delta=0.0 | elapsed=101.8s
  [az-selfplay] game 20/50 | samples=1040 | mean_delta=0.0 | elapsed=135.8s
  [az-selfplay] game 25/50 | samples=1300 | mean_delta=0.0 | elapsed=169.8s
  [az-selfplay] game 30/50 | samples=1560 | mean_delta=0.0 | elapsed=204.0s
  [az-selfplay] game 35/50 | samples=1820 | mean_delta=0.0 | elapsed=238.3s
  [az-selfplay] game 40/50 | samples=2080 | mean_delta=0.0 | elapsed=273.0s
  [az-selfplay] game 45/50 | samples=2340 | mean_delta=0.0 | elapsed=301.4s
  [az-selfplay] game 50/50 | samples=2600 | mean_delta=0.0 | elapsed=329.4s
  [az-selfplay] game 5/50 | samples=260 | mean_delta=0.0 | elapsed=34.4s
  [az-selfplay] game 10/50 | samples=520 | mean_delta=0.0 | elapsed=68.6s
  [az-selfplay] game 15/50 | samples=780 | mean_delta=0.0 | elapsed=102.0s
  [az-selfplay] game 20/50 | samples=1040 | mean_delta=0.0 | elapsed=135.7s
  [az-selfplay] game 25/50 | samples=1300 | mean_delta=0.0 | elapsed=171.2s
  [az-selfplay] game 30/50 | samples=1560 | mean_delta=0.0 | elapsed=205.8s
  [az-selfplay] game 35/50 | samples=1820 | mean_delta=0.0 | elapsed=239.4s
  [az-selfplay] game 40/50 | samples=2080 | mean_delta=0.0 | elapsed=273.1s
  [az-selfplay] game 45/50 | samples=2340 | mean_delta=0.0 | elapsed=302.5s
  [az-selfplay] game 50/50 | samples=2600 | mean_delta=0.0 | elapsed=330.4s
  [az-selfplay] game 5/50 | samples=260 | mean_delta=0.0 | elapsed=34.7s
  [az-selfplay] game 10/50 | samples=520 | mean_delta=0.0 | elapsed=69.2s
  [az-selfplay] game 15/50 | samples=780 | mean_delta=0.0 | elapsed=103.1s
  [az-selfplay] game 20/50 | samples=1040 | mean_delta=0.0 | elapsed=136.8s
  [az-selfplay] game 25/50 | samples=1300 | mean_delta=0.0 | elapsed=171.9s
  [az-selfplay] game 30/50 | samples=1560 | mean_delta=0.0 | elapsed=206.3s
  [az-selfplay] game 35/50 | samples=1820 | mean_delta=0.0 | elapsed=240.3s
  [az-selfplay] game 40/50 | samples=2080 | mean_delta=0.0 | elapsed=274.6s
  [az-selfplay] game 45/50 | samples=2340 | mean_delta=0.0 | elapsed=302.7s
  [az-selfplay] game 50/50 | samples=2600 | mean_delta=0.0 | elapsed=331.1s
  Data gen complete: 10400 samples | mean_delta=0.0
  Combined dataset: 62400 samples (new=10400 + replay)

  [2/4] Training (30 epochs, hidden=768/384)...
Loading dataset: reports/ml/alphazero_pilot_v2/iter_006/az_dataset_combined.jsonl
Loaded 62400 samples | feature_dim=1072
Training device: mps
warm-start from reports/ml/alphazero_pilot_v2/best_model.npz | applied=30 skipped=0
epoch 1/30 | lr=0.000100 | train_loss=1.5710 train_acc=0.635 train_v=0.0375 train_mv=0.5191 | val_loss=1.4272 val_acc=0.661 val_v=0.0351 val_mv=0.5209
epoch 2/30 | lr=0.000300 | train_loss=1.5296 train_acc=0.639 train_v=0.0368 train_mv=0.5164 | val_loss=1.4332 val_acc=0.666 val_v=0.0343 val_mv=0.5169
epoch 3/30 | lr=0.000500 | train_loss=1.4753 train_acc=0.646 train_v=0.0359 train_mv=0.5111 | val_loss=1.4446 val_acc=0.667 val_v=0.0335 val_mv=0.5108
epoch 4/30 | lr=0.000500 | train_loss=1.4032 train_acc=0.650 train_v=0.0347 train_mv=0.5054 | val_loss=1.4440 val_acc=0.673 val_v=0.0325 val_mv=0.5053
epoch 5/30 | lr=0.000500 | train_loss=1.3439 train_acc=0.659 train_v=0.0341 train_mv=0.5001 | val_loss=1.4358 val_acc=0.678 val_v=0.0320 val_mv=0.5003
epoch 6/30 | lr=0.000500 | train_loss=1.3034 train_acc=0.662 train_v=0.0338 train_mv=0.4953 | val_loss=1.4421 val_acc=0.678 val_v=0.0321 val_mv=0.4958
  Training done: epochs=6 | val_loss=1.4272

  [3/4] Evaluating vs heuristic (40 games)...
game 20/40 | nn_wins=13 h_wins=5 ties=2 | nn_avg=58.0 h_avg=48.5
game 40/40 | nn_wins=26 h_wins=12 ties=2 | nn_avg=56.3 h_avg=48.7
  Eval: nn_wins=26 / 40 | mean_score=56.3 | win_rate=0.650

  [4/4] Promotion gate (80 games)...
game 20/80 | nn_wins=11 h_wins=8 ties=1 | nn_avg=58.5 h_avg=51.5
game 40/80 | nn_wins=28 h_wins=10 ties=2 | nn_avg=58.9 h_avg=49.8
game 60/80 | nn_wins=42 h_wins=16 ties=2 | nn_avg=58.5 h_avg=49.7
game 80/80 | nn_wins=56 h_wins=22 ties=2 | nn_avg=57.2 h_avg=49.1
  Gate: nn_wins=56 / 80 | win_rate=0.700 | promoted=True
  ✓ Promoted! best_model.npz updated.

============================================================
  AlphaZero iter 7/10 | mcts_sims=15
  out: reports/ml/alphazero_pilot_v2/iter_007
============================================================

  [1/4] Generating self-play data (200 games, 15 sims, 4 workers)...
  [az-selfplay] game 5/50 | samples=260 | mean_delta=0.0 | elapsed=29.3s
  [az-selfplay] game 10/50 | samples=520 | mean_delta=0.0 | elapsed=56.3s
  [az-selfplay] game 15/50 | samples=780 | mean_delta=0.0 | elapsed=84.0s
  [az-selfplay] game 20/50 | samples=1040 | mean_delta=0.0 | elapsed=112.0s
  [az-selfplay] game 25/50 | samples=1300 | mean_delta=0.0 | elapsed=141.1s
  [az-selfplay] game 30/50 | samples=1560 | mean_delta=0.0 | elapsed=175.4s
  [az-selfplay] game 35/50 | samples=1820 | mean_delta=0.0 | elapsed=209.2s
  [az-selfplay] game 40/50 | samples=2080 | mean_delta=0.0 | elapsed=243.1s
  [az-selfplay] game 45/50 | samples=2340 | mean_delta=0.0 | elapsed=277.9s
  [az-selfplay] game 50/50 | samples=2600 | mean_delta=0.0 | elapsed=311.9s
  [az-selfplay] game 5/50 | samples=260 | mean_delta=0.0 | elapsed=30.3s
  [az-selfplay] game 10/50 | samples=520 | mean_delta=0.0 | elapsed=58.6s
  [az-selfplay] game 15/50 | samples=780 | mean_delta=0.0 | elapsed=85.2s
  [az-selfplay] game 20/50 | samples=1040 | mean_delta=0.0 | elapsed=112.6s
  [az-selfplay] game 25/50 | samples=1300 | mean_delta=0.0 | elapsed=142.8s
  [az-selfplay] game 30/50 | samples=1560 | mean_delta=0.0 | elapsed=176.9s
  [az-selfplay] game 35/50 | samples=1820 | mean_delta=0.0 | elapsed=210.8s
  [az-selfplay] game 40/50 | samples=2080 | mean_delta=0.0 | elapsed=245.3s
  [az-selfplay] game 45/50 | samples=2340 | mean_delta=0.0 | elapsed=280.2s
  [az-selfplay] game 50/50 | samples=2600 | mean_delta=0.0 | elapsed=313.2s
  [az-selfplay] game 5/50 | samples=260 | mean_delta=0.0 | elapsed=29.7s
  [az-selfplay] game 10/50 | samples=520 | mean_delta=0.0 | elapsed=57.6s
  [az-selfplay] game 15/50 | samples=780 | mean_delta=0.0 | elapsed=85.4s
  [az-selfplay] game 20/50 | samples=1040 | mean_delta=0.0 | elapsed=114.0s
  [az-selfplay] game 25/50 | samples=1300 | mean_delta=0.0 | elapsed=144.8s
  [az-selfplay] game 30/50 | samples=1560 | mean_delta=0.0 | elapsed=177.9s
  [az-selfplay] game 35/50 | samples=1820 | mean_delta=0.0 | elapsed=212.4s
  [az-selfplay] game 40/50 | samples=2080 | mean_delta=0.0 | elapsed=246.0s
  [az-selfplay] game 45/50 | samples=2340 | mean_delta=0.0 | elapsed=281.2s
  [az-selfplay] game 50/50 | samples=2600 | mean_delta=0.0 | elapsed=314.8s
  [az-selfplay] game 5/50 | samples=260 | mean_delta=0.0 | elapsed=29.7s
  [az-selfplay] game 10/50 | samples=520 | mean_delta=0.0 | elapsed=58.3s
  [az-selfplay] game 15/50 | samples=780 | mean_delta=0.0 | elapsed=86.0s
  [az-selfplay] game 20/50 | samples=1040 | mean_delta=0.0 | elapsed=114.0s
  [az-selfplay] game 25/50 | samples=1300 | mean_delta=0.0 | elapsed=143.3s
  [az-selfplay] game 30/50 | samples=1560 | mean_delta=0.0 | elapsed=178.1s
  [az-selfplay] game 35/50 | samples=1820 | mean_delta=0.0 | elapsed=212.5s
  [az-selfplay] game 40/50 | samples=2080 | mean_delta=0.0 | elapsed=245.9s
  [az-selfplay] game 45/50 | samples=2340 | mean_delta=0.0 | elapsed=281.3s
  [az-selfplay] game 50/50 | samples=2600 | mean_delta=0.0 | elapsed=315.1s
  Data gen complete: 10400 samples | mean_delta=0.0
  Combined dataset: 72800 samples (new=10400 + replay)

  [2/4] Training (30 epochs, hidden=768/384)...
Loading dataset: reports/ml/alphazero_pilot_v2/iter_007/az_dataset_combined.jsonl
Loaded 72800 samples | feature_dim=1072
Training device: mps
warm-start from reports/ml/alphazero_pilot_v2/best_model.npz | applied=30 skipped=0
epoch 1/30 | lr=0.000100 | train_loss=1.5923 train_acc=0.626 train_v=0.0366 train_mv=0.5171 | val_loss=1.4419 val_acc=0.650 val_v=0.0341 val_mv=0.5149
epoch 2/30 | lr=0.000300 | train_loss=1.5564 train_acc=0.631 train_v=0.0358 train_mv=0.5142 | val_loss=1.4449 val_acc=0.655 val_v=0.0330 val_mv=0.5103
epoch 3/30 | lr=0.000500 | train_loss=1.5087 train_acc=0.639 train_v=0.0348 train_mv=0.5085 | val_loss=1.4679 val_acc=0.656 val_v=0.0325 val_mv=0.5035
epoch 4/30 | lr=0.000500 | train_loss=1.4364 train_acc=0.645 train_v=0.0341 train_mv=0.5022 | val_loss=1.4654 val_acc=0.660 val_v=0.0321 val_mv=0.4974
epoch 5/30 | lr=0.000500 | train_loss=1.3820 train_acc=0.651 train_v=0.0335 train_mv=0.4966 | val_loss=1.4682 val_acc=0.672 val_v=0.0313 val_mv=0.4920
epoch 6/30 | lr=0.000500 | train_loss=1.3417 train_acc=0.654 train_v=0.0330 train_mv=0.4916 | val_loss=1.4721 val_acc=0.668 val_v=0.0313 val_mv=0.4871
  Training done: epochs=6 | val_loss=1.4419

  [3/4] Evaluating vs heuristic (40 games)...
game 20/40 | nn_wins=14 h_wins=3 ties=3 | nn_avg=57.5 h_avg=47.2
game 40/40 | nn_wins=28 h_wins=7 ties=5 | nn_avg=57.8 h_avg=48.1
  Eval: nn_wins=28 / 40 | mean_score=57.8 | win_rate=0.700

  [4/4] Promotion gate (80 games)...
game 20/80 | nn_wins=13 h_wins=6 ties=1 | nn_avg=55.5 h_avg=49.6
game 40/80 | nn_wins=26 h_wins=13 ties=1 | nn_avg=55.9 h_avg=49.9
game 60/80 | nn_wins=39 h_wins=20 ties=1 | nn_avg=56.6 h_avg=50.5
game 80/80 | nn_wins=54 h_wins=25 ties=1 | nn_avg=57.4 h_avg=50.6
  Gate: nn_wins=54 / 80 | win_rate=0.675 | promoted=True
  ✓ Promoted! best_model.npz updated.

============================================================
  AlphaZero iter 8/10 | mcts_sims=15
  out: reports/ml/alphazero_pilot_v2/iter_008
============================================================

  [1/4] Generating self-play data (200 games, 15 sims, 4 workers)...
  [az-selfplay] game 5/50 | samples=260 | mean_delta=0.0 | elapsed=25.8s
  [az-selfplay] game 10/50 | samples=520 | mean_delta=0.0 | elapsed=52.6s
  [az-selfplay] game 15/50 | samples=780 | mean_delta=0.0 | elapsed=78.5s
  [az-selfplay] game 20/50 | samples=1040 | mean_delta=0.0 | elapsed=106.1s
  [az-selfplay] game 25/50 | samples=1300 | mean_delta=0.0 | elapsed=132.3s
  [az-selfplay] game 30/50 | samples=1560 | mean_delta=0.0 | elapsed=158.3s
  [az-selfplay] game 35/50 | samples=1820 | mean_delta=0.0 | elapsed=184.7s
  [az-selfplay] game 40/50 | samples=2080 | mean_delta=0.0 | elapsed=211.7s
  [az-selfplay] game 45/50 | samples=2340 | mean_delta=0.0 | elapsed=238.1s
  [az-selfplay] game 50/50 | samples=2600 | mean_delta=0.0 | elapsed=265.3s
  [az-selfplay] game 5/50 | samples=260 | mean_delta=0.0 | elapsed=26.3s
  [az-selfplay] game 10/50 | samples=520 | mean_delta=0.0 | elapsed=53.0s
  [az-selfplay] game 15/50 | samples=780 | mean_delta=0.0 | elapsed=79.6s
  [az-selfplay] game 20/50 | samples=1040 | mean_delta=0.0 | elapsed=106.5s
  [az-selfplay] game 25/50 | samples=1300 | mean_delta=0.0 | elapsed=133.6s
  [az-selfplay] game 30/50 | samples=1560 | mean_delta=0.0 | elapsed=161.4s
  [az-selfplay] game 35/50 | samples=1820 | mean_delta=0.0 | elapsed=187.7s
  [az-selfplay] game 40/50 | samples=2080 | mean_delta=0.0 | elapsed=213.9s
  [az-selfplay] game 45/50 | samples=2340 | mean_delta=0.0 | elapsed=240.1s
  [az-selfplay] game 50/50 | samples=2600 | mean_delta=0.0 | elapsed=265.8s
  [az-selfplay] game 5/50 | samples=260 | mean_delta=0.0 | elapsed=27.1s
  [az-selfplay] game 10/50 | samples=520 | mean_delta=0.0 | elapsed=54.0s
  [az-selfplay] game 15/50 | samples=780 | mean_delta=0.0 | elapsed=80.9s
  [az-selfplay] game 20/50 | samples=1040 | mean_delta=0.0 | elapsed=107.5s
  [az-selfplay] game 25/50 | samples=1300 | mean_delta=0.0 | elapsed=133.8s
  [az-selfplay] game 30/50 | samples=1560 | mean_delta=0.0 | elapsed=160.4s
  [az-selfplay] game 35/50 | samples=1820 | mean_delta=0.0 | elapsed=187.6s
  [az-selfplay] game 40/50 | samples=2080 | mean_delta=0.0 | elapsed=215.1s
  [az-selfplay] game 45/50 | samples=2340 | mean_delta=0.0 | elapsed=241.7s
  [az-selfplay] game 50/50 | samples=2600 | mean_delta=0.0 | elapsed=268.3s
  [az-selfplay] game 5/50 | samples=260 | mean_delta=0.0 | elapsed=26.8s
  [az-selfplay] game 10/50 | samples=520 | mean_delta=0.0 | elapsed=54.3s
  [az-selfplay] game 15/50 | samples=780 | mean_delta=0.0 | elapsed=81.0s
  [az-selfplay] game 20/50 | samples=1040 | mean_delta=0.0 | elapsed=108.7s
  [az-selfplay] game 25/50 | samples=1300 | mean_delta=0.0 | elapsed=135.6s
  [az-selfplay] game 30/50 | samples=1560 | mean_delta=0.0 | elapsed=162.2s
  [az-selfplay] game 35/50 | samples=1820 | mean_delta=0.0 | elapsed=189.0s
  [az-selfplay] game 40/50 | samples=2080 | mean_delta=0.0 | elapsed=216.7s
  [az-selfplay] game 45/50 | samples=2340 | mean_delta=0.0 | elapsed=243.2s
  [az-selfplay] game 50/50 | samples=2600 | mean_delta=0.0 | elapsed=269.0s
  Data gen complete: 10400 samples | mean_delta=0.0
  Combined dataset: 83200 samples (new=10400 + replay)

  [2/4] Training (30 epochs, hidden=768/384)...
Loading dataset: reports/ml/alphazero_pilot_v2/iter_008/az_dataset_combined.jsonl
Loaded 83200 samples | feature_dim=1072
Training device: mps
warm-start from reports/ml/alphazero_pilot_v2/best_model.npz | applied=30 skipped=0
epoch 1/30 | lr=0.000100 | train_loss=1.5967 train_acc=0.621 train_v=0.0357 train_mv=0.5142 | val_loss=1.4205 val_acc=0.656 val_v=0.0321 val_mv=0.5133
epoch 2/30 | lr=0.000300 | train_loss=1.5661 train_acc=0.626 train_v=0.0350 train_mv=0.5109 | val_loss=1.4340 val_acc=0.657 val_v=0.0318 val_mv=0.5083
epoch 3/30 | lr=0.000500 | train_loss=1.5309 train_acc=0.633 train_v=0.0342 train_mv=0.5048 | val_loss=1.4575 val_acc=0.663 val_v=0.0306 val_mv=0.5010
epoch 4/30 | lr=0.000500 | train_loss=1.4589 train_acc=0.638 train_v=0.0330 train_mv=0.4980 | val_loss=1.4535 val_acc=0.662 val_v=0.0302 val_mv=0.4946
epoch 5/30 | lr=0.000500 | train_loss=1.4072 train_acc=0.646 train_v=0.0327 train_mv=0.4920 | val_loss=1.4530 val_acc=0.666 val_v=0.0297 val_mv=0.4890
epoch 6/30 | lr=0.000500 | train_loss=1.3630 train_acc=0.651 train_v=0.0325 train_mv=0.4868 | val_loss=1.4664 val_acc=0.665 val_v=0.0294 val_mv=0.4841
  Training done: epochs=6 | val_loss=1.4205

  [3/4] Evaluating vs heuristic (40 games)...
game 20/40 | nn_wins=14 h_wins=5 ties=1 | nn_avg=61.0 h_avg=48.6
game 40/40 | nn_wins=30 h_wins=9 ties=1 | nn_avg=59.5 h_avg=47.9
  Eval: nn_wins=30 / 40 | mean_score=59.5 | win_rate=0.750

  [4/4] Promotion gate (80 games)...
game 20/80 | nn_wins=15 h_wins=4 ties=1 | nn_avg=55.3 h_avg=45.2
game 40/80 | nn_wins=31 h_wins=7 ties=2 | nn_avg=58.6 h_avg=45.6
game 60/80 | nn_wins=47 h_wins=10 ties=3 | nn_avg=59.3 h_avg=45.7
game 80/80 | nn_wins=59 h_wins=18 ties=3 | nn_avg=58.6 h_avg=47.8
  Gate: nn_wins=59 / 80 | win_rate=0.738 | promoted=True
  ✓ Promoted! best_model.npz updated.

============================================================
  AlphaZero iter 9/10 | mcts_sims=15
  out: reports/ml/alphazero_pilot_v2/iter_009
============================================================

  [1/4] Generating self-play data (200 games, 15 sims, 4 workers)...
  [az-selfplay] game 5/50 | samples=260 | mean_delta=0.0 | elapsed=26.8s
  [az-selfplay] game 10/50 | samples=520 | mean_delta=0.0 | elapsed=53.0s
  [az-selfplay] game 15/50 | samples=780 | mean_delta=0.0 | elapsed=80.0s
  [az-selfplay] game 20/50 | samples=1040 | mean_delta=0.0 | elapsed=106.1s
  [az-selfplay] game 25/50 | samples=1300 | mean_delta=0.0 | elapsed=132.5s
  [az-selfplay] game 30/50 | samples=1560 | mean_delta=0.0 | elapsed=158.2s
  [az-selfplay] game 35/50 | samples=1820 | mean_delta=0.0 | elapsed=184.8s
  [az-selfplay] game 40/50 | samples=2080 | mean_delta=0.0 | elapsed=210.7s
  [az-selfplay] game 45/50 | samples=2340 | mean_delta=0.0 | elapsed=237.5s
  [az-selfplay] game 50/50 | samples=2600 | mean_delta=0.0 | elapsed=263.2s
  [az-selfplay] game 5/50 | samples=260 | mean_delta=0.0 | elapsed=26.4s
  [az-selfplay] game 10/50 | samples=520 | mean_delta=0.0 | elapsed=52.8s
  [az-selfplay] game 15/50 | samples=780 | mean_delta=0.0 | elapsed=78.4s
  [az-selfplay] game 20/50 | samples=1040 | mean_delta=0.0 | elapsed=104.7s
  [az-selfplay] game 25/50 | samples=1300 | mean_delta=0.0 | elapsed=131.3s
  [az-selfplay] game 30/50 | samples=1560 | mean_delta=0.0 | elapsed=157.3s
  [az-selfplay] game 35/50 | samples=1820 | mean_delta=0.0 | elapsed=183.5s
  [az-selfplay] game 40/50 | samples=2080 | mean_delta=0.0 | elapsed=209.8s
  [az-selfplay] game 45/50 | samples=2340 | mean_delta=0.0 | elapsed=236.1s
  [az-selfplay] game 50/50 | samples=2600 | mean_delta=0.0 | elapsed=263.7s
  [az-selfplay] game 5/50 | samples=260 | mean_delta=0.0 | elapsed=26.5s
  [az-selfplay] game 10/50 | samples=520 | mean_delta=0.0 | elapsed=53.1s
  [az-selfplay] game 15/50 | samples=780 | mean_delta=0.0 | elapsed=80.5s
  [az-selfplay] game 20/50 | samples=1040 | mean_delta=0.0 | elapsed=106.5s
  [az-selfplay] game 25/50 | samples=1300 | mean_delta=0.0 | elapsed=133.1s
  [az-selfplay] game 30/50 | samples=1560 | mean_delta=0.0 | elapsed=159.7s
  [az-selfplay] game 35/50 | samples=1820 | mean_delta=0.0 | elapsed=185.8s
  [az-selfplay] game 40/50 | samples=2080 | mean_delta=0.0 | elapsed=212.1s
  [az-selfplay] game 45/50 | samples=2340 | mean_delta=0.0 | elapsed=238.6s
  [az-selfplay] game 50/50 | samples=2600 | mean_delta=0.0 | elapsed=264.4s
  [az-selfplay] game 5/50 | samples=260 | mean_delta=0.0 | elapsed=26.2s
  [az-selfplay] game 10/50 | samples=520 | mean_delta=0.0 | elapsed=53.3s
  [az-selfplay] game 15/50 | samples=780 | mean_delta=0.0 | elapsed=79.5s
  [az-selfplay] game 20/50 | samples=1040 | mean_delta=0.0 | elapsed=106.4s
  [az-selfplay] game 25/50 | samples=1300 | mean_delta=0.0 | elapsed=132.7s
  [az-selfplay] game 30/50 | samples=1560 | mean_delta=0.0 | elapsed=159.3s
  [az-selfplay] game 35/50 | samples=1820 | mean_delta=0.0 | elapsed=185.6s
  [az-selfplay] game 40/50 | samples=2080 | mean_delta=0.0 | elapsed=212.5s
  [az-selfplay] game 45/50 | samples=2340 | mean_delta=0.0 | elapsed=238.7s
  [az-selfplay] game 50/50 | samples=2600 | mean_delta=0.0 | elapsed=264.9s
  Data gen complete: 10400 samples | mean_delta=0.0
  Combined dataset: 93600 samples (new=10400 + replay)

  [2/4] Training (30 epochs, hidden=768/384)...
Loading dataset: reports/ml/alphazero_pilot_v2/iter_009/az_dataset_combined.jsonl
Loaded 93600 samples | feature_dim=1072
Training device: mps
warm-start from reports/ml/alphazero_pilot_v2/best_model.npz | applied=30 skipped=0
epoch 1/30 | lr=0.000100 | train_loss=1.5952 train_acc=0.618 train_v=0.0357 train_mv=0.5119 | val_loss=1.4187 val_acc=0.645 val_v=0.0335 val_mv=0.5149
epoch 2/30 | lr=0.000300 | train_loss=1.5775 train_acc=0.623 train_v=0.0350 train_mv=0.5084 | val_loss=1.4326 val_acc=0.649 val_v=0.0325 val_mv=0.5097
epoch 3/30 | lr=0.000500 | train_loss=1.5378 train_acc=0.630 train_v=0.0340 train_mv=0.5019 | val_loss=1.4611 val_acc=0.649 val_v=0.0320 val_mv=0.5021
epoch 4/30 | lr=0.000500 | train_loss=1.4774 train_acc=0.638 train_v=0.0334 train_mv=0.4948 | val_loss=1.4511 val_acc=0.659 val_v=0.0311 val_mv=0.4956
epoch 5/30 | lr=0.000500 | train_loss=1.4231 train_acc=0.641 train_v=0.0331 train_mv=0.4887 | val_loss=1.4480 val_acc=0.657 val_v=0.0307 val_mv=0.4900
epoch 6/30 | lr=0.000500 | train_loss=1.3860 train_acc=0.648 train_v=0.0327 train_mv=0.4835 | val_loss=1.4558 val_acc=0.659 val_v=0.0307 val_mv=0.4852
  Training done: epochs=6 | val_loss=1.4187

  [3/4] Evaluating vs heuristic (40 games)...
game 20/40 | nn_wins=12 h_wins=8 ties=0 | nn_avg=61.0 h_avg=51.1
game 40/40 | nn_wins=23 h_wins=17 ties=0 | nn_avg=56.0 h_avg=49.2
  Eval: nn_wins=23 / 40 | mean_score=56.0 | win_rate=0.575

  [4/4] Promotion gate (80 games)...
game 20/80 | nn_wins=12 h_wins=8 ties=0 | nn_avg=60.4 h_avg=55.1
game 40/80 | nn_wins=28 h_wins=11 ties=1 | nn_avg=61.0 h_avg=53.4
game 60/80 | nn_wins=43 h_wins=16 ties=1 | nn_avg=61.4 h_avg=52.4
game 80/80 | nn_wins=57 h_wins=20 ties=3 | nn_avg=62.0 h_avg=52.3
  Gate: nn_wins=57 / 80 | win_rate=0.713 | promoted=True
  ✓ Promoted! best_model.npz updated.

============================================================
  AlphaZero iter 10/10 | mcts_sims=15
  out: reports/ml/alphazero_pilot_v2/iter_010
============================================================

  [1/4] Generating self-play data (200 games, 15 sims, 4 workers)...
  [az-selfplay] game 5/50 | samples=260 | mean_delta=0.0 | elapsed=27.2s
  [az-selfplay] game 10/50 | samples=520 | mean_delta=0.0 | elapsed=53.4s
  [az-selfplay] game 15/50 | samples=780 | mean_delta=0.0 | elapsed=79.2s
  [az-selfplay] game 20/50 | samples=1040 | mean_delta=0.0 | elapsed=104.9s
  [az-selfplay] game 25/50 | samples=1300 | mean_delta=0.0 | elapsed=131.0s
  [az-selfplay] game 30/50 | samples=1560 | mean_delta=0.0 | elapsed=157.4s
  [az-selfplay] game 35/50 | samples=1820 | mean_delta=0.0 | elapsed=183.6s
  [az-selfplay] game 40/50 | samples=2080 | mean_delta=0.0 | elapsed=210.1s
  [az-selfplay] game 45/50 | samples=2340 | mean_delta=0.0 | elapsed=236.9s
  [az-selfplay] game 50/50 | samples=2600 | mean_delta=0.0 | elapsed=263.5s
  [az-selfplay] game 5/50 | samples=260 | mean_delta=0.0 | elapsed=26.3s
  [az-selfplay] game 10/50 | samples=520 | mean_delta=0.0 | elapsed=52.3s
  [az-selfplay] game 15/50 | samples=780 | mean_delta=0.0 | elapsed=78.8s
  [az-selfplay] game 20/50 | samples=1040 | mean_delta=0.0 | elapsed=105.6s
  [az-selfplay] game 25/50 | samples=1300 | mean_delta=0.0 | elapsed=132.7s
  [az-selfplay] game 30/50 | samples=1560 | mean_delta=0.0 | elapsed=158.9s
  [az-selfplay] game 35/50 | samples=1820 | mean_delta=0.0 | elapsed=185.4s
  [az-selfplay] game 40/50 | samples=2080 | mean_delta=0.0 | elapsed=212.1s
  [az-selfplay] game 45/50 | samples=2340 | mean_delta=0.0 | elapsed=238.0s
  [az-selfplay] game 50/50 | samples=2600 | mean_delta=0.0 | elapsed=264.1s
  [az-selfplay] game 5/50 | samples=260 | mean_delta=0.0 | elapsed=26.2s
  [az-selfplay] game 10/50 | samples=520 | mean_delta=0.0 | elapsed=52.7s
  [az-selfplay] game 15/50 | samples=780 | mean_delta=0.0 | elapsed=79.6s
  [az-selfplay] game 20/50 | samples=1040 | mean_delta=0.0 | elapsed=105.1s
  [az-selfplay] game 25/50 | samples=1300 | mean_delta=0.0 | elapsed=131.5s
  [az-selfplay] game 30/50 | samples=1560 | mean_delta=0.0 | elapsed=158.3s
  [az-selfplay] game 35/50 | samples=1820 | mean_delta=0.0 | elapsed=185.6s
  [az-selfplay] game 40/50 | samples=2080 | mean_delta=0.0 | elapsed=212.4s
  [az-selfplay] game 45/50 | samples=2340 | mean_delta=0.0 | elapsed=238.7s
  [az-selfplay] game 50/50 | samples=2600 | mean_delta=0.0 | elapsed=264.2s
  [az-selfplay] game 5/50 | samples=260 | mean_delta=0.0 | elapsed=26.3s
  [az-selfplay] game 10/50 | samples=520 | mean_delta=0.0 | elapsed=53.3s
  [az-selfplay] game 15/50 | samples=780 | mean_delta=0.0 | elapsed=79.6s
  [az-selfplay] game 20/50 | samples=1040 | mean_delta=0.0 | elapsed=106.0s
  [az-selfplay] game 25/50 | samples=1300 | mean_delta=0.0 | elapsed=132.1s
  [az-selfplay] game 30/50 | samples=1560 | mean_delta=0.0 | elapsed=159.8s
  [az-selfplay] game 35/50 | samples=1820 | mean_delta=0.0 | elapsed=186.8s
  [az-selfplay] game 40/50 | samples=2080 | mean_delta=0.0 | elapsed=213.4s
  [az-selfplay] game 45/50 | samples=2340 | mean_delta=0.0 | elapsed=239.8s
  [az-selfplay] game 50/50 | samples=2600 | mean_delta=0.0 | elapsed=266.3s
  Data gen complete: 10400 samples | mean_delta=0.0
  Combined dataset: 104000 samples (new=10400 + replay)

  [2/4] Training (30 epochs, hidden=768/384)...
Loading dataset: reports/ml/alphazero_pilot_v2/iter_010/az_dataset_combined.jsonl
Loaded 104000 samples | feature_dim=1072
Training device: mps
warm-start from reports/ml/alphazero_pilot_v2/best_model.npz | applied=30 skipped=0
epoch 1/30 | lr=0.000100 | train_loss=1.5910 train_acc=0.617 train_v=0.0355 train_mv=0.5097 | val_loss=1.4353 val_acc=0.649 val_v=0.0330 val_mv=0.5051
epoch 2/30 | lr=0.000300 | train_loss=1.5731 train_acc=0.621 train_v=0.0347 train_mv=0.5059 | val_loss=1.4507 val_acc=0.656 val_v=0.0323 val_mv=0.4994
epoch 3/30 | lr=0.000500 | train_loss=1.5381 train_acc=0.628 train_v=0.0339 train_mv=0.4991 | val_loss=1.4782 val_acc=0.655 val_v=0.0315 val_mv=0.4912
epoch 4/30 | lr=0.000500 | train_loss=1.4787 train_acc=0.634 train_v=0.0335 train_mv=0.4917 | val_loss=1.4742 val_acc=0.658 val_v=0.0313 val_mv=0.4842
epoch 5/30 | lr=0.000500 | train_loss=1.4302 train_acc=0.642 train_v=0.0331 train_mv=0.4855 | val_loss=1.4778 val_acc=0.664 val_v=0.0312 val_mv=0.4783
epoch 6/30 | lr=0.000500 | train_loss=1.3952 train_acc=0.643 train_v=0.0326 train_mv=0.4801 | val_loss=1.4769 val_acc=0.666 val_v=0.0304 val_mv=0.4733
  Training done: epochs=6 | val_loss=1.4353

  [3/4] Evaluating vs heuristic (40 games)...
game 20/40 | nn_wins=12 h_wins=8 ties=0 | nn_avg=54.5 h_avg=50.2
game 40/40 | nn_wins=26 h_wins=14 ties=0 | nn_avg=56.0 h_avg=49.8
  Eval: nn_wins=26 / 40 | mean_score=56.0 | win_rate=0.650

  [4/4] Promotion gate (80 games)...
game 20/80 | nn_wins=14 h_wins=6 ties=0 | nn_avg=57.9 h_avg=50.2
game 40/80 | nn_wins=27 h_wins=13 ties=0 | nn_avg=55.3 h_avg=49.2
game 60/80 | nn_wins=42 h_wins=18 ties=0 | nn_avg=55.5 h_avg=49.0
game 80/80 | nn_wins=58 h_wins=21 ties=1 | nn_avg=57.5 h_avg=49.5
  Gate: nn_wins=58 / 80 | win_rate=0.725 | promoted=True
  ✓ Promoted! best_model.npz updated.

============================================================
  AlphaZero training complete: 10 iterations
  Total elapsed: 13.40 hours
  Best model: reports/ml/alphazero_pilot_v2/best_model.npz
============================================================
{
  "pipeline": "auto_improve_alphazero",
  "out_dir": "reports/ml/alphazero_pilot_v2",
  "iterations_completed": 10,
  "iterations_total": 10,
  "mcts_sims": 15,
  "total_elapsed_sec": 48234.3
}
