auto_improve_alphazero: per-slot encoding → auto-scaled hidden=768/384
  Seeded best_model.npz from reports/ml/phase4_slot_v3/best_model.npz

============================================================
  AlphaZero iter 1/10 | mcts_sims=15
  out: reports/ml/alphazero_pilot_v3/iter_001
============================================================

  [1/4] Generating self-play data (200 games, 15 sims, 4 workers)...
  [az-selfplay] game 5/50 | samples=260 | mean_delta=0.0 | elapsed=49.9s
  [az-selfplay] game 10/50 | samples=520 | mean_delta=0.0 | elapsed=98.9s
  [az-selfplay] game 15/50 | samples=780 | mean_delta=0.0 | elapsed=171.2s
  [az-selfplay] game 20/50 | samples=1040 | mean_delta=0.0 | elapsed=243.8s
  [az-selfplay] game 25/50 | samples=1300 | mean_delta=0.0 | elapsed=317.8s
  [az-selfplay] game 30/50 | samples=1560 | mean_delta=0.0 | elapsed=383.0s
  [az-selfplay] game 35/50 | samples=1820 | mean_delta=0.0 | elapsed=447.5s
  [az-selfplay] game 40/50 | samples=2080 | mean_delta=0.0 | elapsed=510.4s
  [az-selfplay] game 45/50 | samples=2340 | mean_delta=0.0 | elapsed=573.3s
  [az-selfplay] game 50/50 | samples=2600 | mean_delta=0.0 | elapsed=638.0s
  [az-selfplay] game 5/50 | samples=260 | mean_delta=0.0 | elapsed=50.5s
  [az-selfplay] game 10/50 | samples=520 | mean_delta=0.0 | elapsed=96.4s
  [az-selfplay] game 15/50 | samples=780 | mean_delta=0.0 | elapsed=168.0s
  [az-selfplay] game 20/50 | samples=1040 | mean_delta=0.0 | elapsed=239.4s
  [az-selfplay] game 25/50 | samples=1300 | mean_delta=0.0 | elapsed=309.6s
  [az-selfplay] game 30/50 | samples=1560 | mean_delta=0.0 | elapsed=375.8s
  [az-selfplay] game 35/50 | samples=1820 | mean_delta=0.0 | elapsed=445.4s
  [az-selfplay] game 40/50 | samples=2080 | mean_delta=0.0 | elapsed=510.5s
  [az-selfplay] game 45/50 | samples=2340 | mean_delta=0.0 | elapsed=575.4s
  [az-selfplay] game 50/50 | samples=2600 | mean_delta=0.0 | elapsed=639.4s
  [az-selfplay] game 5/50 | samples=260 | mean_delta=0.0 | elapsed=49.8s
  [az-selfplay] game 10/50 | samples=520 | mean_delta=0.0 | elapsed=96.7s
  [az-selfplay] game 15/50 | samples=780 | mean_delta=0.0 | elapsed=164.5s
  [az-selfplay] game 20/50 | samples=1040 | mean_delta=0.0 | elapsed=237.2s
  [az-selfplay] game 25/50 | samples=1300 | mean_delta=0.0 | elapsed=310.1s
  [az-selfplay] game 30/50 | samples=1560 | mean_delta=0.0 | elapsed=379.3s
  [az-selfplay] game 35/50 | samples=1820 | mean_delta=0.0 | elapsed=441.7s
  [az-selfplay] game 40/50 | samples=2080 | mean_delta=0.0 | elapsed=506.0s
  [az-selfplay] game 45/50 | samples=2340 | mean_delta=0.0 | elapsed=572.6s
  [az-selfplay] game 50/50 | samples=2600 | mean_delta=0.0 | elapsed=639.3s
  [az-selfplay] game 5/50 | samples=260 | mean_delta=0.0 | elapsed=51.1s
  [az-selfplay] game 10/50 | samples=520 | mean_delta=0.0 | elapsed=103.2s
  [az-selfplay] game 15/50 | samples=780 | mean_delta=0.0 | elapsed=173.4s
  [az-selfplay] game 20/50 | samples=1040 | mean_delta=0.0 | elapsed=249.7s
  [az-selfplay] game 25/50 | samples=1300 | mean_delta=0.0 | elapsed=321.0s
  [az-selfplay] game 30/50 | samples=1560 | mean_delta=0.0 | elapsed=386.9s
  [az-selfplay] game 35/50 | samples=1820 | mean_delta=0.0 | elapsed=454.2s
  [az-selfplay] game 40/50 | samples=2080 | mean_delta=0.0 | elapsed=516.1s
  [az-selfplay] game 45/50 | samples=2340 | mean_delta=0.0 | elapsed=580.6s
  [az-selfplay] game 50/50 | samples=2600 | mean_delta=0.0 | elapsed=644.0s
  Data gen complete: 10400 samples | mean_delta=0.0

  [2/4] Training (30 epochs, hidden=768/384)...
Loading dataset: reports/ml/alphazero_pilot_v3/iter_001/az_dataset.jsonl
Loaded 10400 samples | feature_dim=1072
Training device: mps
warm-start from reports/ml/alphazero_pilot_v3/best_model.npz | applied=30 skipped=0
epoch 1/30 | lr=0.000100 | train_loss=1.8297 train_acc=0.558 train_v=0.0724 train_mv=0.5768 | val_loss=1.5405 val_acc=0.645 val_v=0.0531 val_mv=0.5678
epoch 2/30 | lr=0.000300 | train_loss=1.3847 train_acc=0.672 train_v=0.0537 train_mv=0.5758 | val_loss=1.3978 val_acc=0.729 val_v=0.0501 val_mv=0.5665
epoch 3/30 | lr=0.000500 | train_loss=1.1769 train_acc=0.712 train_v=0.0515 train_mv=0.5741 | val_loss=1.3774 val_acc=0.737 val_v=0.0484 val_mv=0.5644
epoch 4/30 | lr=0.000500 | train_loss=1.0461 train_acc=0.726 train_v=0.0496 train_mv=0.5720 | val_loss=1.3335 val_acc=0.747 val_v=0.0466 val_mv=0.5624
epoch 5/30 | lr=0.000500 | train_loss=0.9576 train_acc=0.752 train_v=0.0486 train_mv=0.5696 | val_loss=1.3296 val_acc=0.747 val_v=0.0451 val_mv=0.5604
epoch 6/30 | lr=0.000500 | train_loss=0.8951 train_acc=0.769 train_v=0.0477 train_mv=0.5676 | val_loss=1.3314 val_acc=0.756 val_v=0.0444 val_mv=0.5584
epoch 7/30 | lr=0.000500 | train_loss=0.8362 train_acc=0.774 train_v=0.0468 train_mv=0.5659 | val_loss=1.3304 val_acc=0.764 val_v=0.0435 val_mv=0.5565
epoch 8/30 | lr=0.000500 | train_loss=0.8158 train_acc=0.780 train_v=0.0461 train_mv=0.5635 | val_loss=1.3400 val_acc=0.763 val_v=0.0427 val_mv=0.5547
epoch 9/30 | lr=0.000350 | train_loss=0.7746 train_acc=0.795 train_v=0.0455 train_mv=0.5620 | val_loss=1.3494 val_acc=0.766 val_v=0.0423 val_mv=0.5534
epoch 10/30 | lr=0.000350 | train_loss=0.7466 train_acc=0.799 train_v=0.0455 train_mv=0.5607 | val_loss=1.3143 val_acc=0.762 val_v=0.0419 val_mv=0.5521
epoch 11/30 | lr=0.000350 | train_loss=0.7334 train_acc=0.796 train_v=0.0451 train_mv=0.5594 | val_loss=1.3206 val_acc=0.771 val_v=0.0418 val_mv=0.5508
epoch 12/30 | lr=0.000350 | train_loss=0.7134 train_acc=0.808 train_v=0.0444 train_mv=0.5581 | val_loss=1.3177 val_acc=0.769 val_v=0.0411 val_mv=0.5496
epoch 13/30 | lr=0.000350 | train_loss=0.6967 train_acc=0.817 train_v=0.0445 train_mv=0.5567 | val_loss=1.3287 val_acc=0.767 val_v=0.0411 val_mv=0.5484
epoch 14/30 | lr=0.000245 | train_loss=0.6836 train_acc=0.813 train_v=0.0444 train_mv=0.5556 | val_loss=1.2991 val_acc=0.772 val_v=0.0408 val_mv=0.5476
epoch 15/30 | lr=0.000245 | train_loss=0.6747 train_acc=0.812 train_v=0.0441 train_mv=0.5546 | val_loss=1.3135 val_acc=0.771 val_v=0.0406 val_mv=0.5467
epoch 16/30 | lr=0.000245 | train_loss=0.6613 train_acc=0.824 train_v=0.0438 train_mv=0.5538 | val_loss=1.3092 val_acc=0.774 val_v=0.0404 val_mv=0.5459
epoch 17/30 | lr=0.000245 | train_loss=0.6581 train_acc=0.822 train_v=0.0443 train_mv=0.5529 | val_loss=1.3109 val_acc=0.769 val_v=0.0401 val_mv=0.5451
epoch 18/30 | lr=0.000245 | train_loss=0.6454 train_acc=0.827 train_v=0.0440 train_mv=0.5521 | val_loss=1.3108 val_acc=0.770 val_v=0.0398 val_mv=0.5443
epoch 19/30 | lr=0.000171 | train_loss=0.6339 train_acc=0.826 train_v=0.0439 train_mv=0.5513 | val_loss=1.2994 val_acc=0.770 val_v=0.0398 val_mv=0.5437
  Training done: epochs=19 | val_loss=1.2991

  [3/4] Evaluating vs heuristic (20 games)...
game 20/20 | nn_wins=13 h_wins=7 ties=0 | nn_avg=56.0 h_avg=50.5
  Eval: nn_wins=13 / 20 | mean_score=56.0 | win_rate=0.650

  [4/4] Promotion gate (40 games)...
game 20/40 | nn_wins=9 h_wins=10 ties=1 | nn_avg=52.9 h_avg=52.1
game 40/40 | nn_wins=23 h_wins=16 ties=1 | nn_avg=55.6 h_avg=51.4
  Gate: nn_wins=23 / 40 | win_rate=0.575 | promoted=True
  ✓ Promoted! best_model.npz updated.

============================================================
  AlphaZero iter 2/10 | mcts_sims=15
  out: reports/ml/alphazero_pilot_v3/iter_002
============================================================

  [1/4] Generating self-play data (200 games, 15 sims, 4 workers)...
  [az-selfplay] game 5/50 | samples=260 | mean_delta=0.0 | elapsed=37.2s
  [az-selfplay] game 10/50 | samples=520 | mean_delta=0.0 | elapsed=71.5s
  [az-selfplay] game 15/50 | samples=780 | mean_delta=0.0 | elapsed=106.0s
  [az-selfplay] game 20/50 | samples=1040 | mean_delta=0.0 | elapsed=140.5s
  [az-selfplay] game 25/50 | samples=1300 | mean_delta=0.0 | elapsed=174.5s
  [az-selfplay] game 30/50 | samples=1560 | mean_delta=0.0 | elapsed=208.5s
  [az-selfplay] game 35/50 | samples=1820 | mean_delta=0.0 | elapsed=243.1s
  [az-selfplay] game 40/50 | samples=2080 | mean_delta=0.0 | elapsed=278.3s
  [az-selfplay] game 45/50 | samples=2340 | mean_delta=0.0 | elapsed=308.3s
  [az-selfplay] game 50/50 | samples=2600 | mean_delta=0.0 | elapsed=361.9s
  [az-selfplay] game 5/50 | samples=260 | mean_delta=0.0 | elapsed=36.1s
  [az-selfplay] game 10/50 | samples=520 | mean_delta=0.0 | elapsed=71.2s
  [az-selfplay] game 15/50 | samples=780 | mean_delta=0.0 | elapsed=104.6s
  [az-selfplay] game 20/50 | samples=1040 | mean_delta=0.0 | elapsed=139.6s
  [az-selfplay] game 25/50 | samples=1300 | mean_delta=0.0 | elapsed=174.0s
  [az-selfplay] game 30/50 | samples=1560 | mean_delta=0.0 | elapsed=208.0s
  [az-selfplay] game 35/50 | samples=1820 | mean_delta=0.0 | elapsed=243.0s
  [az-selfplay] game 40/50 | samples=2080 | mean_delta=0.0 | elapsed=279.1s
  [az-selfplay] game 45/50 | samples=2340 | mean_delta=0.0 | elapsed=309.2s
  [az-selfplay] game 50/50 | samples=2600 | mean_delta=0.0 | elapsed=365.0s
  [az-selfplay] game 5/50 | samples=260 | mean_delta=0.0 | elapsed=36.1s
  [az-selfplay] game 10/50 | samples=520 | mean_delta=0.0 | elapsed=70.4s
  [az-selfplay] game 15/50 | samples=780 | mean_delta=0.0 | elapsed=105.0s
  [az-selfplay] game 20/50 | samples=1040 | mean_delta=0.0 | elapsed=140.0s
  [az-selfplay] game 25/50 | samples=1300 | mean_delta=0.0 | elapsed=175.0s
  [az-selfplay] game 30/50 | samples=1560 | mean_delta=0.0 | elapsed=209.6s
  [az-selfplay] game 35/50 | samples=1820 | mean_delta=0.0 | elapsed=245.1s
  [az-selfplay] game 40/50 | samples=2080 | mean_delta=0.0 | elapsed=280.3s
  [az-selfplay] game 45/50 | samples=2340 | mean_delta=0.0 | elapsed=309.8s
  [az-selfplay] game 50/50 | samples=2600 | mean_delta=0.0 | elapsed=365.1s
  [az-selfplay] game 5/50 | samples=260 | mean_delta=0.0 | elapsed=37.2s
  [az-selfplay] game 10/50 | samples=520 | mean_delta=0.0 | elapsed=71.7s
  [az-selfplay] game 15/50 | samples=780 | mean_delta=0.0 | elapsed=106.9s
  [az-selfplay] game 20/50 | samples=1040 | mean_delta=0.0 | elapsed=142.8s
  [az-selfplay] game 25/50 | samples=1300 | mean_delta=0.0 | elapsed=177.6s
  [az-selfplay] game 30/50 | samples=1560 | mean_delta=0.0 | elapsed=212.0s
  [az-selfplay] game 35/50 | samples=1820 | mean_delta=0.0 | elapsed=246.5s
  [az-selfplay] game 40/50 | samples=2080 | mean_delta=0.0 | elapsed=282.3s
  [az-selfplay] game 45/50 | samples=2340 | mean_delta=0.0 | elapsed=311.9s
  [az-selfplay] game 50/50 | samples=2600 | mean_delta=0.0 | elapsed=369.4s
  Data gen complete: 10400 samples | mean_delta=0.0
  Combined dataset: 20800 samples (new=10400 + replay)

  [2/4] Training (30 epochs, hidden=768/384)...
Loading dataset: reports/ml/alphazero_pilot_v3/iter_002/az_dataset_combined.jsonl
Loaded 20800 samples | feature_dim=1072
Training device: mps
warm-start from reports/ml/alphazero_pilot_v3/best_model.npz | applied=30 skipped=0
epoch 1/30 | lr=0.000100 | train_loss=1.3789 train_acc=0.711 train_v=0.0377 train_mv=0.5441 | val_loss=1.1975 val_acc=0.749 val_v=0.0350 val_mv=0.5502
epoch 2/30 | lr=0.000300 | train_loss=1.2743 train_acc=0.714 train_v=0.0372 train_mv=0.5427 | val_loss=1.1835 val_acc=0.751 val_v=0.0350 val_mv=0.5484
epoch 3/30 | lr=0.000500 | train_loss=1.1723 train_acc=0.719 train_v=0.0369 train_mv=0.5404 | val_loss=1.2078 val_acc=0.744 val_v=0.0346 val_mv=0.5454
epoch 4/30 | lr=0.000500 | train_loss=1.0822 train_acc=0.731 train_v=0.0367 train_mv=0.5373 | val_loss=1.1965 val_acc=0.743 val_v=0.0343 val_mv=0.5425
epoch 5/30 | lr=0.000500 | train_loss=1.0173 train_acc=0.735 train_v=0.0358 train_mv=0.5343 | val_loss=1.2212 val_acc=0.741 val_v=0.0337 val_mv=0.5398
epoch 6/30 | lr=0.000500 | train_loss=0.9803 train_acc=0.742 train_v=0.0358 train_mv=0.5316 | val_loss=1.2318 val_acc=0.744 val_v=0.0338 val_mv=0.5371
epoch 7/30 | lr=0.000500 | train_loss=0.9479 train_acc=0.746 train_v=0.0353 train_mv=0.5290 | val_loss=1.2292 val_acc=0.747 val_v=0.0335 val_mv=0.5346
  Training done: epochs=7 | val_loss=1.1835

  [3/4] Evaluating vs heuristic (20 games)...
game 20/20 | nn_wins=13 h_wins=6 ties=1 | nn_avg=57.6 h_avg=51.4
  Eval: nn_wins=13 / 20 | mean_score=57.6 | win_rate=0.650

  [4/4] Promotion gate (40 games)...
game 20/40 | nn_wins=17 h_wins=3 ties=0 | nn_avg=62.0 h_avg=49.4
game 40/40 | nn_wins=29 h_wins=10 ties=1 | nn_avg=62.1 h_avg=50.8
  Gate: nn_wins=29 / 40 | win_rate=0.725 | promoted=True
  ✓ Promoted! best_model.npz updated.

============================================================
  AlphaZero iter 3/10 | mcts_sims=15
  out: reports/ml/alphazero_pilot_v3/iter_003
============================================================

  [1/4] Generating self-play data (200 games, 15 sims, 4 workers)...
  [az-selfplay] game 5/50 | samples=260 | mean_delta=0.0 | elapsed=62.6s
  [az-selfplay] game 10/50 | samples=520 | mean_delta=0.0 | elapsed=123.4s
  [az-selfplay] game 15/50 | samples=780 | mean_delta=0.0 | elapsed=186.8s
  [az-selfplay] game 20/50 | samples=1040 | mean_delta=0.0 | elapsed=252.3s
  [az-selfplay] game 25/50 | samples=1300 | mean_delta=0.0 | elapsed=318.9s
  [az-selfplay] game 30/50 | samples=1560 | mean_delta=0.0 | elapsed=385.2s
  [az-selfplay] game 35/50 | samples=1820 | mean_delta=0.0 | elapsed=425.4s
  [az-selfplay] game 40/50 | samples=2080 | mean_delta=0.0 | elapsed=463.0s
  [az-selfplay] game 45/50 | samples=2340 | mean_delta=0.0 | elapsed=501.9s
  [az-selfplay] game 50/50 | samples=2600 | mean_delta=0.0 | elapsed=539.5s
  [az-selfplay] game 5/50 | samples=260 | mean_delta=0.0 | elapsed=59.3s
  [az-selfplay] game 10/50 | samples=520 | mean_delta=0.0 | elapsed=122.2s
  [az-selfplay] game 15/50 | samples=780 | mean_delta=0.0 | elapsed=185.2s
  [az-selfplay] game 20/50 | samples=1040 | mean_delta=0.0 | elapsed=249.4s
  [az-selfplay] game 25/50 | samples=1300 | mean_delta=0.0 | elapsed=314.9s
  [az-selfplay] game 30/50 | samples=1560 | mean_delta=0.0 | elapsed=382.3s
  [az-selfplay] game 35/50 | samples=1820 | mean_delta=0.0 | elapsed=423.5s
  [az-selfplay] game 40/50 | samples=2080 | mean_delta=0.0 | elapsed=461.9s
  [az-selfplay] game 45/50 | samples=2340 | mean_delta=0.0 | elapsed=500.2s
  [az-selfplay] game 50/50 | samples=2600 | mean_delta=0.0 | elapsed=540.2s
  [az-selfplay] game 5/50 | samples=260 | mean_delta=0.0 | elapsed=62.0s
  [az-selfplay] game 10/50 | samples=520 | mean_delta=0.0 | elapsed=124.4s
  [az-selfplay] game 15/50 | samples=780 | mean_delta=0.0 | elapsed=188.5s
  [az-selfplay] game 20/50 | samples=1040 | mean_delta=0.0 | elapsed=255.9s
  [az-selfplay] game 25/50 | samples=1300 | mean_delta=0.0 | elapsed=318.4s
  [az-selfplay] game 30/50 | samples=1560 | mean_delta=0.0 | elapsed=386.0s
  [az-selfplay] game 35/50 | samples=1820 | mean_delta=0.0 | elapsed=425.2s
  [az-selfplay] game 40/50 | samples=2080 | mean_delta=0.0 | elapsed=463.7s
  [az-selfplay] game 45/50 | samples=2340 | mean_delta=0.0 | elapsed=501.6s
  [az-selfplay] game 50/50 | samples=2600 | mean_delta=0.0 | elapsed=539.6s
  [az-selfplay] game 5/50 | samples=260 | mean_delta=0.0 | elapsed=60.5s
  [az-selfplay] game 10/50 | samples=520 | mean_delta=0.0 | elapsed=122.2s
  [az-selfplay] game 15/50 | samples=780 | mean_delta=0.0 | elapsed=187.5s
  [az-selfplay] game 20/50 | samples=1040 | mean_delta=0.0 | elapsed=254.7s
  [az-selfplay] game 25/50 | samples=1300 | mean_delta=0.0 | elapsed=318.6s
  [az-selfplay] game 30/50 | samples=1560 | mean_delta=0.0 | elapsed=387.3s
  [az-selfplay] game 35/50 | samples=1820 | mean_delta=0.0 | elapsed=425.5s
  [az-selfplay] game 40/50 | samples=2080 | mean_delta=0.0 | elapsed=463.2s
  [az-selfplay] game 45/50 | samples=2340 | mean_delta=0.0 | elapsed=501.2s
  [az-selfplay] game 50/50 | samples=2600 | mean_delta=0.0 | elapsed=540.2s
  Data gen complete: 10400 samples | mean_delta=0.0
  Combined dataset: 31200 samples (new=10400 + replay)

  [2/4] Training (30 epochs, hidden=768/384)...
Loading dataset: reports/ml/alphazero_pilot_v3/iter_003/az_dataset_combined.jsonl
Loaded 31200 samples | feature_dim=1072
Training device: mps
warm-start from reports/ml/alphazero_pilot_v3/best_model.npz | applied=30 skipped=0
epoch 1/30 | lr=0.000100 | train_loss=1.4561 train_acc=0.672 train_v=0.0361 train_mv=0.5383 | val_loss=1.2591 val_acc=0.717 val_v=0.0322 val_mv=0.5400
epoch 2/30 | lr=0.000300 | train_loss=1.3840 train_acc=0.679 train_v=0.0358 train_mv=0.5366 | val_loss=1.2753 val_acc=0.712 val_v=0.0323 val_mv=0.5375
epoch 3/30 | lr=0.000500 | train_loss=1.3064 train_acc=0.687 train_v=0.0347 train_mv=0.5333 | val_loss=1.2992 val_acc=0.711 val_v=0.0320 val_mv=0.5335
epoch 4/30 | lr=0.000500 | train_loss=1.2318 train_acc=0.694 train_v=0.0343 train_mv=0.5293 | val_loss=1.3034 val_acc=0.712 val_v=0.0316 val_mv=0.5297
epoch 5/30 | lr=0.000500 | train_loss=1.1641 train_acc=0.700 train_v=0.0339 train_mv=0.5257 | val_loss=1.3145 val_acc=0.718 val_v=0.0312 val_mv=0.5262
epoch 6/30 | lr=0.000500 | train_loss=1.1239 train_acc=0.705 train_v=0.0336 train_mv=0.5221 | val_loss=1.3272 val_acc=0.705 val_v=0.0309 val_mv=0.5228
  Training done: epochs=6 | val_loss=1.2591

  [3/4] Evaluating vs heuristic (20 games)...
game 20/20 | nn_wins=11 h_wins=8 ties=1 | nn_avg=54.2 h_avg=46.5
  Eval: nn_wins=11 / 20 | mean_score=54.2 | win_rate=0.550

  [4/4] Promotion gate (40 games)...
game 20/40 | nn_wins=12 h_wins=8 ties=0 | nn_avg=51.9 h_avg=51.6
game 40/40 | nn_wins=29 h_wins=11 ties=0 | nn_avg=57.9 h_avg=47.6
  Gate: nn_wins=29 / 40 | win_rate=0.725 | promoted=True
  ✓ Promoted! best_model.npz updated.

============================================================
  AlphaZero iter 4/10 | mcts_sims=15
  out: reports/ml/alphazero_pilot_v3/iter_004
============================================================

  [1/4] Generating self-play data (200 games, 15 sims, 4 workers)...
  [az-selfplay] game 5/50 | samples=260 | mean_delta=0.0 | elapsed=38.3s
  [az-selfplay] game 10/50 | samples=520 | mean_delta=0.0 | elapsed=78.4s
  [az-selfplay] game 15/50 | samples=780 | mean_delta=0.0 | elapsed=112.6s
  [az-selfplay] game 20/50 | samples=1040 | mean_delta=0.0 | elapsed=144.7s
  [az-selfplay] game 25/50 | samples=1300 | mean_delta=0.0 | elapsed=191.3s
  [az-selfplay] game 30/50 | samples=1560 | mean_delta=0.0 | elapsed=262.7s
  [az-selfplay] game 35/50 | samples=1820 | mean_delta=0.0 | elapsed=329.4s
  [az-selfplay] game 40/50 | samples=2080 | mean_delta=0.0 | elapsed=397.5s
  [az-selfplay] game 45/50 | samples=2340 | mean_delta=0.0 | elapsed=463.7s
  [az-selfplay] game 50/50 | samples=2600 | mean_delta=0.0 | elapsed=528.7s
  [az-selfplay] game 5/50 | samples=260 | mean_delta=0.0 | elapsed=38.6s
  [az-selfplay] game 10/50 | samples=520 | mean_delta=0.0 | elapsed=78.3s
  [az-selfplay] game 15/50 | samples=780 | mean_delta=0.0 | elapsed=115.0s
  [az-selfplay] game 20/50 | samples=1040 | mean_delta=0.0 | elapsed=146.5s
  [az-selfplay] game 25/50 | samples=1300 | mean_delta=0.0 | elapsed=195.1s
  [az-selfplay] game 30/50 | samples=1560 | mean_delta=0.0 | elapsed=262.5s
  [az-selfplay] game 35/50 | samples=1820 | mean_delta=0.0 | elapsed=330.9s
  [az-selfplay] game 40/50 | samples=2080 | mean_delta=0.0 | elapsed=397.8s
  [az-selfplay] game 45/50 | samples=2340 | mean_delta=0.0 | elapsed=465.3s
  [az-selfplay] game 50/50 | samples=2600 | mean_delta=0.0 | elapsed=529.6s
  [az-selfplay] game 5/50 | samples=260 | mean_delta=0.0 | elapsed=39.9s
  [az-selfplay] game 10/50 | samples=520 | mean_delta=0.0 | elapsed=80.0s
  [az-selfplay] game 15/50 | samples=780 | mean_delta=0.0 | elapsed=116.9s
  [az-selfplay] game 20/50 | samples=1040 | mean_delta=0.0 | elapsed=148.5s
  [az-selfplay] game 25/50 | samples=1300 | mean_delta=0.0 | elapsed=204.5s
  [az-selfplay] game 30/50 | samples=1560 | mean_delta=0.0 | elapsed=272.6s
  [az-selfplay] game 35/50 | samples=1820 | mean_delta=0.0 | elapsed=340.2s
  [az-selfplay] game 40/50 | samples=2080 | mean_delta=0.0 | elapsed=407.2s
  [az-selfplay] game 45/50 | samples=2340 | mean_delta=0.0 | elapsed=476.6s
  [az-selfplay] game 50/50 | samples=2600 | mean_delta=0.0 | elapsed=542.8s
  [az-selfplay] game 5/50 | samples=260 | mean_delta=0.0 | elapsed=39.2s
  [az-selfplay] game 10/50 | samples=520 | mean_delta=0.0 | elapsed=80.7s
  [az-selfplay] game 15/50 | samples=780 | mean_delta=0.0 | elapsed=116.6s
  [az-selfplay] game 20/50 | samples=1040 | mean_delta=0.0 | elapsed=148.1s
  [az-selfplay] game 25/50 | samples=1300 | mean_delta=0.0 | elapsed=203.1s
  [az-selfplay] game 30/50 | samples=1560 | mean_delta=0.0 | elapsed=271.7s
  [az-selfplay] game 35/50 | samples=1820 | mean_delta=0.0 | elapsed=341.1s
  [az-selfplay] game 40/50 | samples=2080 | mean_delta=0.0 | elapsed=408.1s
  [az-selfplay] game 45/50 | samples=2340 | mean_delta=0.0 | elapsed=477.3s
  [az-selfplay] game 50/50 | samples=2600 | mean_delta=0.0 | elapsed=544.0s
  Data gen complete: 10400 samples | mean_delta=0.0
  Combined dataset: 41600 samples (new=10400 + replay)

  [2/4] Training (30 epochs, hidden=768/384)...
Loading dataset: reports/ml/alphazero_pilot_v3/iter_004/az_dataset_combined.jsonl
Loaded 41600 samples | feature_dim=1072
Training device: mps
warm-start from reports/ml/alphazero_pilot_v3/best_model.npz | applied=30 skipped=0
epoch 1/30 | lr=0.000100 | train_loss=1.5320 train_acc=0.653 train_v=0.0359 train_mv=0.5322 | val_loss=1.3385 val_acc=0.685 val_v=0.0338 val_mv=0.5311
epoch 2/30 | lr=0.000300 | train_loss=1.4748 train_acc=0.660 train_v=0.0351 train_mv=0.5300 | val_loss=1.3485 val_acc=0.692 val_v=0.0333 val_mv=0.5280
epoch 3/30 | lr=0.000500 | train_loss=1.3969 train_acc=0.663 train_v=0.0344 train_mv=0.5259 | val_loss=1.3634 val_acc=0.689 val_v=0.0329 val_mv=0.5230
epoch 4/30 | lr=0.000500 | train_loss=1.3219 train_acc=0.672 train_v=0.0337 train_mv=0.5213 | val_loss=1.3744 val_acc=0.686 val_v=0.0323 val_mv=0.5184
epoch 5/30 | lr=0.000500 | train_loss=1.2515 train_acc=0.675 train_v=0.0333 train_mv=0.5169 | val_loss=1.3693 val_acc=0.694 val_v=0.0321 val_mv=0.5141
epoch 6/30 | lr=0.000500 | train_loss=1.2034 train_acc=0.686 train_v=0.0328 train_mv=0.5128 | val_loss=1.3762 val_acc=0.692 val_v=0.0316 val_mv=0.5101
  Training done: epochs=6 | val_loss=1.3385

  [3/4] Evaluating vs heuristic (20 games)...
game 20/20 | nn_wins=16 h_wins=4 ties=0 | nn_avg=62.9 h_avg=48.6
  Eval: nn_wins=16 / 20 | mean_score=62.9 | win_rate=0.800

  [4/4] Promotion gate (40 games)...
game 20/40 | nn_wins=14 h_wins=6 ties=0 | nn_avg=53.8 h_avg=47.9
game 40/40 | nn_wins=28 h_wins=12 ties=0 | nn_avg=55.6 h_avg=48.8
  Gate: nn_wins=28 / 40 | win_rate=0.700 | promoted=True
  ✓ Promoted! best_model.npz updated.

============================================================
  AlphaZero iter 5/10 | mcts_sims=15
  out: reports/ml/alphazero_pilot_v3/iter_005
============================================================

  [1/4] Generating self-play data (200 games, 15 sims, 4 workers)...
  [az-selfplay] game 5/50 | samples=260 | mean_delta=0.0 | elapsed=50.9s
  [az-selfplay] game 10/50 | samples=520 | mean_delta=0.0 | elapsed=87.0s
  [az-selfplay] game 15/50 | samples=780 | mean_delta=0.0 | elapsed=123.3s
  [az-selfplay] game 20/50 | samples=1040 | mean_delta=0.0 | elapsed=158.4s
  [az-selfplay] game 25/50 | samples=1300 | mean_delta=0.0 | elapsed=194.4s
  [az-selfplay] game 30/50 | samples=1560 | mean_delta=0.0 | elapsed=228.4s
  [az-selfplay] game 35/50 | samples=1820 | mean_delta=0.0 | elapsed=263.8s
  [az-selfplay] game 40/50 | samples=2080 | mean_delta=0.0 | elapsed=298.2s
  [az-selfplay] game 45/50 | samples=2340 | mean_delta=0.0 | elapsed=334.0s
  [az-selfplay] game 50/50 | samples=2600 | mean_delta=0.0 | elapsed=368.7s
  [az-selfplay] game 5/50 | samples=260 | mean_delta=0.0 | elapsed=51.8s
  [az-selfplay] game 10/50 | samples=520 | mean_delta=0.0 | elapsed=87.6s
  [az-selfplay] game 15/50 | samples=780 | mean_delta=0.0 | elapsed=124.6s
  [az-selfplay] game 20/50 | samples=1040 | mean_delta=0.0 | elapsed=160.0s
  [az-selfplay] game 25/50 | samples=1300 | mean_delta=0.0 | elapsed=196.3s
  [az-selfplay] game 30/50 | samples=1560 | mean_delta=0.0 | elapsed=230.8s
  [az-selfplay] game 35/50 | samples=1820 | mean_delta=0.0 | elapsed=265.5s
  [az-selfplay] game 40/50 | samples=2080 | mean_delta=0.0 | elapsed=299.6s
  [az-selfplay] game 45/50 | samples=2340 | mean_delta=0.0 | elapsed=334.9s
  [az-selfplay] game 50/50 | samples=2600 | mean_delta=0.0 | elapsed=369.6s
  [az-selfplay] game 5/50 | samples=260 | mean_delta=0.0 | elapsed=51.3s
  [az-selfplay] game 10/50 | samples=520 | mean_delta=0.0 | elapsed=87.5s
  [az-selfplay] game 15/50 | samples=780 | mean_delta=0.0 | elapsed=126.1s
  [az-selfplay] game 20/50 | samples=1040 | mean_delta=0.0 | elapsed=161.5s
  [az-selfplay] game 25/50 | samples=1300 | mean_delta=0.0 | elapsed=196.5s
  [az-selfplay] game 30/50 | samples=1560 | mean_delta=0.0 | elapsed=231.4s
  [az-selfplay] game 35/50 | samples=1820 | mean_delta=0.0 | elapsed=266.2s
  [az-selfplay] game 40/50 | samples=2080 | mean_delta=0.0 | elapsed=300.6s
  [az-selfplay] game 45/50 | samples=2340 | mean_delta=0.0 | elapsed=336.0s
  [az-selfplay] game 50/50 | samples=2600 | mean_delta=0.0 | elapsed=370.4s
  [az-selfplay] game 5/50 | samples=260 | mean_delta=0.0 | elapsed=50.0s
  [az-selfplay] game 10/50 | samples=520 | mean_delta=0.0 | elapsed=86.9s
  [az-selfplay] game 15/50 | samples=780 | mean_delta=0.0 | elapsed=125.4s
  [az-selfplay] game 20/50 | samples=1040 | mean_delta=0.0 | elapsed=161.4s
  [az-selfplay] game 25/50 | samples=1300 | mean_delta=0.0 | elapsed=196.8s
  [az-selfplay] game 30/50 | samples=1560 | mean_delta=0.0 | elapsed=231.3s
  [az-selfplay] game 35/50 | samples=1820 | mean_delta=0.0 | elapsed=267.1s
  [az-selfplay] game 40/50 | samples=2080 | mean_delta=0.0 | elapsed=301.2s
  [az-selfplay] game 45/50 | samples=2340 | mean_delta=0.0 | elapsed=336.1s
  [az-selfplay] game 50/50 | samples=2600 | mean_delta=0.0 | elapsed=370.6s
  Data gen complete: 10400 samples | mean_delta=0.0
  Combined dataset: 52000 samples (new=10400 + replay)

  [2/4] Training (30 epochs, hidden=768/384)...
Loading dataset: reports/ml/alphazero_pilot_v3/iter_005/az_dataset_combined.jsonl
Loaded 52000 samples | feature_dim=1072
Training device: mps
warm-start from reports/ml/alphazero_pilot_v3/best_model.npz | applied=30 skipped=0
epoch 1/30 | lr=0.000100 | train_loss=1.5693 train_acc=0.641 train_v=0.0375 train_mv=0.5276 | val_loss=1.4043 val_acc=0.664 val_v=0.0350 val_mv=0.5264
epoch 2/30 | lr=0.000300 | train_loss=1.5215 train_acc=0.647 train_v=0.0367 train_mv=0.5251 | val_loss=1.4111 val_acc=0.663 val_v=0.0344 val_mv=0.5226
epoch 3/30 | lr=0.000500 | train_loss=1.4554 train_acc=0.654 train_v=0.0357 train_mv=0.5202 | val_loss=1.4294 val_acc=0.663 val_v=0.0335 val_mv=0.5168
epoch 4/30 | lr=0.000500 | train_loss=1.3706 train_acc=0.661 train_v=0.0350 train_mv=0.5147 | val_loss=1.4406 val_acc=0.668 val_v=0.0328 val_mv=0.5115
epoch 5/30 | lr=0.000500 | train_loss=1.3071 train_acc=0.666 train_v=0.0345 train_mv=0.5096 | val_loss=1.4402 val_acc=0.672 val_v=0.0326 val_mv=0.5067
epoch 6/30 | lr=0.000500 | train_loss=1.2647 train_acc=0.672 train_v=0.0341 train_mv=0.5048 | val_loss=1.4287 val_acc=0.674 val_v=0.0322 val_mv=0.5022
  Training done: epochs=6 | val_loss=1.4043

  [3/4] Evaluating vs heuristic (20 games)...
game 20/20 | nn_wins=13 h_wins=7 ties=0 | nn_avg=54.9 h_avg=46.6
  Eval: nn_wins=13 / 20 | mean_score=54.9 | win_rate=0.650

  [4/4] Promotion gate (40 games)...
game 20/40 | nn_wins=13 h_wins=6 ties=1 | nn_avg=61.0 h_avg=50.6
game 40/40 | nn_wins=25 h_wins=14 ties=1 | nn_avg=59.0 h_avg=52.3
  Gate: nn_wins=25 / 40 | win_rate=0.625 | promoted=True
  ✓ Promoted! best_model.npz updated.

============================================================
  AlphaZero iter 6/10 | mcts_sims=15
  out: reports/ml/alphazero_pilot_v3/iter_006
============================================================

  [1/4] Generating self-play data (200 games, 15 sims, 4 workers)...
  [az-selfplay] game 5/50 | samples=260 | mean_delta=0.0 | elapsed=60.8s
  [az-selfplay] game 10/50 | samples=520 | mean_delta=0.0 | elapsed=120.8s
  [az-selfplay] game 15/50 | samples=780 | mean_delta=0.0 | elapsed=181.2s
  [az-selfplay] game 20/50 | samples=1040 | mean_delta=0.0 | elapsed=240.6s
  [az-selfplay] game 25/50 | samples=1300 | mean_delta=0.0 | elapsed=300.5s
  [az-selfplay] game 30/50 | samples=1560 | mean_delta=0.0 | elapsed=362.8s
  [az-selfplay] game 35/50 | samples=1820 | mean_delta=0.0 | elapsed=421.7s
  [az-selfplay] game 40/50 | samples=2080 | mean_delta=0.0 | elapsed=482.0s
  [az-selfplay] game 45/50 | samples=2340 | mean_delta=0.0 | elapsed=531.5s
  [az-selfplay] game 50/50 | samples=2600 | mean_delta=0.0 | elapsed=565.7s
  [az-selfplay] game 5/50 | samples=260 | mean_delta=0.0 | elapsed=60.7s
  [az-selfplay] game 10/50 | samples=520 | mean_delta=0.0 | elapsed=120.9s
  [az-selfplay] game 15/50 | samples=780 | mean_delta=0.0 | elapsed=182.3s
  [az-selfplay] game 20/50 | samples=1040 | mean_delta=0.0 | elapsed=242.1s
  [az-selfplay] game 25/50 | samples=1300 | mean_delta=0.0 | elapsed=302.9s
  [az-selfplay] game 30/50 | samples=1560 | mean_delta=0.0 | elapsed=362.1s
  [az-selfplay] game 35/50 | samples=1820 | mean_delta=0.0 | elapsed=422.3s
  [az-selfplay] game 40/50 | samples=2080 | mean_delta=0.0 | elapsed=481.7s
  [az-selfplay] game 45/50 | samples=2340 | mean_delta=0.0 | elapsed=529.8s
  [az-selfplay] game 50/50 | samples=2600 | mean_delta=0.0 | elapsed=564.0s
  [az-selfplay] game 5/50 | samples=260 | mean_delta=0.0 | elapsed=61.0s
  [az-selfplay] game 10/50 | samples=520 | mean_delta=0.0 | elapsed=120.4s
  [az-selfplay] game 15/50 | samples=780 | mean_delta=0.0 | elapsed=180.4s
  [az-selfplay] game 20/50 | samples=1040 | mean_delta=0.0 | elapsed=240.2s
  [az-selfplay] game 25/50 | samples=1300 | mean_delta=0.0 | elapsed=299.8s
  [az-selfplay] game 30/50 | samples=1560 | mean_delta=0.0 | elapsed=359.0s
  [az-selfplay] game 35/50 | samples=1820 | mean_delta=0.0 | elapsed=420.0s
  [az-selfplay] game 40/50 | samples=2080 | mean_delta=0.0 | elapsed=479.8s
  [az-selfplay] game 45/50 | samples=2340 | mean_delta=0.0 | elapsed=532.3s
  [az-selfplay] game 50/50 | samples=2600 | mean_delta=0.0 | elapsed=566.2s
  [az-selfplay] game 5/50 | samples=260 | mean_delta=0.0 | elapsed=60.3s
  [az-selfplay] game 10/50 | samples=520 | mean_delta=0.0 | elapsed=120.1s
  [az-selfplay] game 15/50 | samples=780 | mean_delta=0.0 | elapsed=181.3s
  [az-selfplay] game 20/50 | samples=1040 | mean_delta=0.0 | elapsed=245.0s
  [az-selfplay] game 25/50 | samples=1300 | mean_delta=0.0 | elapsed=304.2s
  [az-selfplay] game 30/50 | samples=1560 | mean_delta=0.0 | elapsed=364.8s
  [az-selfplay] game 35/50 | samples=1820 | mean_delta=0.0 | elapsed=425.8s
  [az-selfplay] game 40/50 | samples=2080 | mean_delta=0.0 | elapsed=485.2s
  [az-selfplay] game 45/50 | samples=2340 | mean_delta=0.0 | elapsed=532.9s
  [az-selfplay] game 50/50 | samples=2600 | mean_delta=0.0 | elapsed=567.5s
  Data gen complete: 10400 samples | mean_delta=0.0
  Combined dataset: 62400 samples (new=10400 + replay)

  [2/4] Training (30 epochs, hidden=768/384)...
Loading dataset: reports/ml/alphazero_pilot_v3/iter_006/az_dataset_combined.jsonl
Loaded 62400 samples | feature_dim=1072
Training device: mps
warm-start from reports/ml/alphazero_pilot_v3/best_model.npz | applied=30 skipped=0
epoch 1/30 | lr=0.000100 | train_loss=1.6004 train_acc=0.629 train_v=0.0373 train_mv=0.5252 | val_loss=1.4185 val_acc=0.657 val_v=0.0350 val_mv=0.5287
epoch 2/30 | lr=0.000300 | train_loss=1.5547 train_acc=0.636 train_v=0.0365 train_mv=0.5222 | val_loss=1.4289 val_acc=0.662 val_v=0.0345 val_mv=0.5246
epoch 3/30 | lr=0.000500 | train_loss=1.5003 train_acc=0.640 train_v=0.0354 train_mv=0.5167 | val_loss=1.4436 val_acc=0.671 val_v=0.0332 val_mv=0.5182
epoch 4/30 | lr=0.000500 | train_loss=1.4183 train_acc=0.647 train_v=0.0347 train_mv=0.5106 | val_loss=1.4422 val_acc=0.674 val_v=0.0324 val_mv=0.5124
epoch 5/30 | lr=0.000500 | train_loss=1.3588 train_acc=0.656 train_v=0.0340 train_mv=0.5051 | val_loss=1.4361 val_acc=0.676 val_v=0.0319 val_mv=0.5072
epoch 6/30 | lr=0.000500 | train_loss=1.3128 train_acc=0.661 train_v=0.0337 train_mv=0.5001 | val_loss=1.4406 val_acc=0.679 val_v=0.0317 val_mv=0.5026
  Training done: epochs=6 | val_loss=1.4185

  [3/4] Evaluating vs heuristic (20 games)...
game 20/20 | nn_wins=16 h_wins=4 ties=0 | nn_avg=57.8 h_avg=46.5
  Eval: nn_wins=16 / 20 | mean_score=57.8 | win_rate=0.800

  [4/4] Promotion gate (40 games)...
game 20/40 | nn_wins=13 h_wins=6 ties=1 | nn_avg=58.1 h_avg=46.4
game 40/40 | nn_wins=26 h_wins=12 ties=2 | nn_avg=56.6 h_avg=48.4
  Gate: nn_wins=26 / 40 | win_rate=0.650 | promoted=True
  ✓ Promoted! best_model.npz updated.

============================================================
  AlphaZero iter 7/10 | mcts_sims=15
  out: reports/ml/alphazero_pilot_v3/iter_007
============================================================

  [1/4] Generating self-play data (200 games, 15 sims, 4 workers)...
  [az-selfplay] game 5/50 | samples=260 | mean_delta=0.0 | elapsed=33.6s
  [az-selfplay] game 10/50 | samples=520 | mean_delta=0.0 | elapsed=66.9s
  [az-selfplay] game 15/50 | samples=780 | mean_delta=0.0 | elapsed=100.7s
  [az-selfplay] game 20/50 | samples=1040 | mean_delta=0.0 | elapsed=133.6s
  [az-selfplay] game 25/50 | samples=1300 | mean_delta=0.0 | elapsed=167.2s
  [az-selfplay] game 30/50 | samples=1560 | mean_delta=0.0 | elapsed=196.0s
  [az-selfplay] game 35/50 | samples=1820 | mean_delta=0.0 | elapsed=234.4s
  [az-selfplay] game 40/50 | samples=2080 | mean_delta=0.0 | elapsed=292.1s
  [az-selfplay] game 45/50 | samples=2340 | mean_delta=0.0 | elapsed=350.3s
  [az-selfplay] game 50/50 | samples=2600 | mean_delta=0.0 | elapsed=407.9s
  [az-selfplay] game 5/50 | samples=260 | mean_delta=0.0 | elapsed=34.1s
  [az-selfplay] game 10/50 | samples=520 | mean_delta=0.0 | elapsed=67.0s
  [az-selfplay] game 15/50 | samples=780 | mean_delta=0.0 | elapsed=101.9s
  [az-selfplay] game 20/50 | samples=1040 | mean_delta=0.0 | elapsed=135.2s
  [az-selfplay] game 25/50 | samples=1300 | mean_delta=0.0 | elapsed=168.8s
  [az-selfplay] game 30/50 | samples=1560 | mean_delta=0.0 | elapsed=196.8s
  [az-selfplay] game 35/50 | samples=1820 | mean_delta=0.0 | elapsed=234.6s
  [az-selfplay] game 40/50 | samples=2080 | mean_delta=0.0 | elapsed=295.1s
  [az-selfplay] game 45/50 | samples=2340 | mean_delta=0.0 | elapsed=353.0s
  [az-selfplay] game 50/50 | samples=2600 | mean_delta=0.0 | elapsed=411.3s
  [az-selfplay] game 5/50 | samples=260 | mean_delta=0.0 | elapsed=33.3s
  [az-selfplay] game 10/50 | samples=520 | mean_delta=0.0 | elapsed=66.6s
  [az-selfplay] game 15/50 | samples=780 | mean_delta=0.0 | elapsed=100.3s
  [az-selfplay] game 20/50 | samples=1040 | mean_delta=0.0 | elapsed=135.2s
  [az-selfplay] game 25/50 | samples=1300 | mean_delta=0.0 | elapsed=168.5s
  [az-selfplay] game 30/50 | samples=1560 | mean_delta=0.0 | elapsed=196.7s
  [az-selfplay] game 35/50 | samples=1820 | mean_delta=0.0 | elapsed=234.2s
  [az-selfplay] game 40/50 | samples=2080 | mean_delta=0.0 | elapsed=293.9s
  [az-selfplay] game 45/50 | samples=2340 | mean_delta=0.0 | elapsed=353.6s
  [az-selfplay] game 50/50 | samples=2600 | mean_delta=0.0 | elapsed=412.6s
  [az-selfplay] game 5/50 | samples=260 | mean_delta=0.0 | elapsed=33.2s
  [az-selfplay] game 10/50 | samples=520 | mean_delta=0.0 | elapsed=67.0s
  [az-selfplay] game 15/50 | samples=780 | mean_delta=0.0 | elapsed=100.7s
  [az-selfplay] game 20/50 | samples=1040 | mean_delta=0.0 | elapsed=135.0s
  [az-selfplay] game 25/50 | samples=1300 | mean_delta=0.0 | elapsed=168.6s
  [az-selfplay] game 30/50 | samples=1560 | mean_delta=0.0 | elapsed=196.9s
  [az-selfplay] game 35/50 | samples=1820 | mean_delta=0.0 | elapsed=235.1s
  [az-selfplay] game 40/50 | samples=2080 | mean_delta=0.0 | elapsed=295.6s
  [az-selfplay] game 45/50 | samples=2340 | mean_delta=0.0 | elapsed=355.3s
  [az-selfplay] game 50/50 | samples=2600 | mean_delta=0.0 | elapsed=414.8s
  Data gen complete: 10400 samples | mean_delta=0.0
  Combined dataset: 72800 samples (new=10400 + replay)

  [2/4] Training (30 epochs, hidden=768/384)...
Loading dataset: reports/ml/alphazero_pilot_v3/iter_007/az_dataset_combined.jsonl
Loaded 72800 samples | feature_dim=1072
Training device: mps
warm-start from reports/ml/alphazero_pilot_v3/best_model.npz | applied=30 skipped=0
epoch 1/30 | lr=0.000100 | train_loss=1.6053 train_acc=0.626 train_v=0.0373 train_mv=0.5220 | val_loss=1.4111 val_acc=0.646 val_v=0.0344 val_mv=0.5249
epoch 2/30 | lr=0.000300 | train_loss=1.5698 train_acc=0.630 train_v=0.0365 train_mv=0.5188 | val_loss=1.4217 val_acc=0.651 val_v=0.0335 val_mv=0.5202
epoch 3/30 | lr=0.000500 | train_loss=1.5174 train_acc=0.636 train_v=0.0355 train_mv=0.5128 | val_loss=1.4407 val_acc=0.658 val_v=0.0326 val_mv=0.5131
epoch 4/30 | lr=0.000500 | train_loss=1.4416 train_acc=0.644 train_v=0.0347 train_mv=0.5060 | val_loss=1.4424 val_acc=0.662 val_v=0.0319 val_mv=0.5069
epoch 5/30 | lr=0.000500 | train_loss=1.3867 train_acc=0.648 train_v=0.0342 train_mv=0.5001 | val_loss=1.4362 val_acc=0.664 val_v=0.0314 val_mv=0.5013
epoch 6/30 | lr=0.000500 | train_loss=1.3439 train_acc=0.653 train_v=0.0338 train_mv=0.4949 | val_loss=1.4272 val_acc=0.664 val_v=0.0313 val_mv=0.4964
  Training done: epochs=6 | val_loss=1.4111

  [3/4] Evaluating vs heuristic (20 games)...
game 20/20 | nn_wins=17 h_wins=3 ties=0 | nn_avg=59.8 h_avg=48.8
  Eval: nn_wins=17 / 20 | mean_score=59.8 | win_rate=0.850

  [4/4] Promotion gate (40 games)...
game 20/40 | nn_wins=11 h_wins=9 ties=0 | nn_avg=56.6 h_avg=52.6
game 40/40 | nn_wins=27 h_wins=13 ties=0 | nn_avg=57.1 h_avg=49.8
  Gate: nn_wins=27 / 40 | win_rate=0.675 | promoted=True
  ✓ Promoted! best_model.npz updated.

============================================================
  AlphaZero iter 8/10 | mcts_sims=15
  out: reports/ml/alphazero_pilot_v3/iter_008
============================================================

  [1/4] Generating self-play data (200 games, 15 sims, 4 workers)...
  [az-selfplay] game 5/50 | samples=260 | mean_delta=0.0 | elapsed=59.9s
  [az-selfplay] game 10/50 | samples=520 | mean_delta=0.0 | elapsed=111.0s
  [az-selfplay] game 15/50 | samples=780 | mean_delta=0.0 | elapsed=145.0s
  [az-selfplay] game 20/50 | samples=1040 | mean_delta=0.0 | elapsed=179.4s
  [az-selfplay] game 25/50 | samples=1300 | mean_delta=0.0 | elapsed=212.3s
  [az-selfplay] game 30/50 | samples=1560 | mean_delta=0.0 | elapsed=245.3s
  [az-selfplay] game 35/50 | samples=1820 | mean_delta=0.0 | elapsed=279.0s
  [az-selfplay] game 40/50 | samples=2080 | mean_delta=0.0 | elapsed=312.3s
  [az-selfplay] game 45/50 | samples=2340 | mean_delta=0.0 | elapsed=346.7s
  [az-selfplay] game 50/50 | samples=2600 | mean_delta=0.0 | elapsed=379.9s
  [az-selfplay] game 5/50 | samples=260 | mean_delta=0.0 | elapsed=56.9s
  [az-selfplay] game 10/50 | samples=520 | mean_delta=0.0 | elapsed=111.8s
  [az-selfplay] game 15/50 | samples=780 | mean_delta=0.0 | elapsed=145.5s
  [az-selfplay] game 20/50 | samples=1040 | mean_delta=0.0 | elapsed=179.0s
  [az-selfplay] game 25/50 | samples=1300 | mean_delta=0.0 | elapsed=213.0s
  [az-selfplay] game 30/50 | samples=1560 | mean_delta=0.0 | elapsed=246.2s
  [az-selfplay] game 35/50 | samples=1820 | mean_delta=0.0 | elapsed=280.3s
  [az-selfplay] game 40/50 | samples=2080 | mean_delta=0.0 | elapsed=313.7s
  [az-selfplay] game 45/50 | samples=2340 | mean_delta=0.0 | elapsed=347.1s
  [az-selfplay] game 50/50 | samples=2600 | mean_delta=0.0 | elapsed=380.1s
  [az-selfplay] game 5/50 | samples=260 | mean_delta=0.0 | elapsed=59.6s
  [az-selfplay] game 10/50 | samples=520 | mean_delta=0.0 | elapsed=113.6s
  [az-selfplay] game 15/50 | samples=780 | mean_delta=0.0 | elapsed=147.3s
  [az-selfplay] game 20/50 | samples=1040 | mean_delta=0.0 | elapsed=182.0s
  [az-selfplay] game 25/50 | samples=1300 | mean_delta=0.0 | elapsed=216.5s
  [az-selfplay] game 30/50 | samples=1560 | mean_delta=0.0 | elapsed=249.2s
  [az-selfplay] game 35/50 | samples=1820 | mean_delta=0.0 | elapsed=283.0s
  [az-selfplay] game 40/50 | samples=2080 | mean_delta=0.0 | elapsed=315.6s
  [az-selfplay] game 45/50 | samples=2340 | mean_delta=0.0 | elapsed=350.1s
  [az-selfplay] game 50/50 | samples=2600 | mean_delta=0.0 | elapsed=383.3s
  [az-selfplay] game 5/50 | samples=260 | mean_delta=0.0 | elapsed=59.9s
  [az-selfplay] game 10/50 | samples=520 | mean_delta=0.0 | elapsed=112.5s
  [az-selfplay] game 15/50 | samples=780 | mean_delta=0.0 | elapsed=146.3s
  [az-selfplay] game 20/50 | samples=1040 | mean_delta=0.0 | elapsed=178.5s
  [az-selfplay] game 25/50 | samples=1300 | mean_delta=0.0 | elapsed=212.1s
  [az-selfplay] game 30/50 | samples=1560 | mean_delta=0.0 | elapsed=246.3s
  [az-selfplay] game 35/50 | samples=1820 | mean_delta=0.0 | elapsed=280.0s
  [az-selfplay] game 40/50 | samples=2080 | mean_delta=0.0 | elapsed=313.2s
  [az-selfplay] game 45/50 | samples=2340 | mean_delta=0.0 | elapsed=347.1s
  [az-selfplay] game 50/50 | samples=2600 | mean_delta=0.0 | elapsed=380.0s
  Data gen complete: 10400 samples | mean_delta=0.0
  Combined dataset: 83200 samples (new=10400 + replay)

  [2/4] Training (30 epochs, hidden=768/384)...
Loading dataset: reports/ml/alphazero_pilot_v3/iter_008/az_dataset_combined.jsonl
Loaded 83200 samples | feature_dim=1072
Training device: mps
warm-start from reports/ml/alphazero_pilot_v3/best_model.npz | applied=30 skipped=0
epoch 1/30 | lr=0.000100 | train_loss=1.6038 train_acc=0.622 train_v=0.0363 train_mv=0.5191 | val_loss=1.4266 val_acc=0.652 val_v=0.0342 val_mv=0.5182
epoch 2/30 | lr=0.000300 | train_loss=1.5768 train_acc=0.622 train_v=0.0354 train_mv=0.5156 | val_loss=1.4410 val_acc=0.657 val_v=0.0333 val_mv=0.5131
epoch 3/30 | lr=0.000500 | train_loss=1.5264 train_acc=0.630 train_v=0.0346 train_mv=0.5090 | val_loss=1.4698 val_acc=0.657 val_v=0.0325 val_mv=0.5054
epoch 4/30 | lr=0.000500 | train_loss=1.4600 train_acc=0.638 train_v=0.0341 train_mv=0.5017 | val_loss=1.4607 val_acc=0.664 val_v=0.0322 val_mv=0.4987
epoch 5/30 | lr=0.000500 | train_loss=1.4020 train_acc=0.645 train_v=0.0335 train_mv=0.4953 | val_loss=1.4622 val_acc=0.667 val_v=0.0315 val_mv=0.4928
epoch 6/30 | lr=0.000500 | train_loss=1.3600 train_acc=0.649 train_v=0.0332 train_mv=0.4898 | val_loss=1.4620 val_acc=0.666 val_v=0.0311 val_mv=0.4877
  Training done: epochs=6 | val_loss=1.4266

  [3/4] Evaluating vs heuristic (20 games)...
game 20/20 | nn_wins=17 h_wins=3 ties=0 | nn_avg=58.0 h_avg=48.5
  Eval: nn_wins=17 / 20 | mean_score=58.0 | win_rate=0.850

  [4/4] Promotion gate (40 games)...
game 20/40 | nn_wins=15 h_wins=3 ties=2 | nn_avg=61.5 h_avg=51.6
game 40/40 | nn_wins=27 h_wins=9 ties=4 | nn_avg=58.1 h_avg=50.5
  Gate: nn_wins=27 / 40 | win_rate=0.675 | promoted=True
  ✓ Promoted! best_model.npz updated.

============================================================
  AlphaZero iter 9/10 | mcts_sims=15
  out: reports/ml/alphazero_pilot_v3/iter_009
============================================================

  [1/4] Generating self-play data (200 games, 15 sims, 4 workers)...
  [az-selfplay] game 5/50 | samples=260 | mean_delta=0.0 | elapsed=58.9s
  [az-selfplay] game 10/50 | samples=520 | mean_delta=0.0 | elapsed=116.4s
  [az-selfplay] game 15/50 | samples=780 | mean_delta=0.0 | elapsed=175.6s
  [az-selfplay] game 20/50 | samples=1040 | mean_delta=0.0 | elapsed=234.4s
  [az-selfplay] game 25/50 | samples=1300 | mean_delta=0.0 | elapsed=293.7s
  [az-selfplay] game 30/50 | samples=1560 | mean_delta=0.0 | elapsed=353.6s
  [az-selfplay] game 35/50 | samples=1820 | mean_delta=0.0 | elapsed=412.4s
  [az-selfplay] game 40/50 | samples=2080 | mean_delta=0.0 | elapsed=470.4s
  [az-selfplay] game 45/50 | samples=2340 | mean_delta=0.0 | elapsed=529.8s
  [az-selfplay] game 50/50 | samples=2600 | mean_delta=0.0 | elapsed=585.8s
  [az-selfplay] game 5/50 | samples=260 | mean_delta=0.0 | elapsed=58.3s
  [az-selfplay] game 10/50 | samples=520 | mean_delta=0.0 | elapsed=117.6s
  [az-selfplay] game 15/50 | samples=780 | mean_delta=0.0 | elapsed=177.7s
  [az-selfplay] game 20/50 | samples=1040 | mean_delta=0.0 | elapsed=237.9s
  [az-selfplay] game 25/50 | samples=1300 | mean_delta=0.0 | elapsed=298.6s
  [az-selfplay] game 30/50 | samples=1560 | mean_delta=0.0 | elapsed=356.0s
  [az-selfplay] game 35/50 | samples=1820 | mean_delta=0.0 | elapsed=415.8s
  [az-selfplay] game 40/50 | samples=2080 | mean_delta=0.0 | elapsed=477.2s
  [az-selfplay] game 45/50 | samples=2340 | mean_delta=0.0 | elapsed=536.0s
  [az-selfplay] game 50/50 | samples=2600 | mean_delta=0.0 | elapsed=588.4s
  [az-selfplay] game 5/50 | samples=260 | mean_delta=0.0 | elapsed=60.5s
  [az-selfplay] game 10/50 | samples=520 | mean_delta=0.0 | elapsed=121.0s
  [az-selfplay] game 15/50 | samples=780 | mean_delta=0.0 | elapsed=180.1s
  [az-selfplay] game 20/50 | samples=1040 | mean_delta=0.0 | elapsed=239.7s
  [az-selfplay] game 25/50 | samples=1300 | mean_delta=0.0 | elapsed=299.2s
  [az-selfplay] game 30/50 | samples=1560 | mean_delta=0.0 | elapsed=360.7s
  [az-selfplay] game 35/50 | samples=1820 | mean_delta=0.0 | elapsed=423.1s
  [az-selfplay] game 40/50 | samples=2080 | mean_delta=0.0 | elapsed=483.1s
  [az-selfplay] game 45/50 | samples=2340 | mean_delta=0.0 | elapsed=542.0s
  [az-selfplay] game 50/50 | samples=2600 | mean_delta=0.0 | elapsed=592.8s
  [az-selfplay] game 5/50 | samples=260 | mean_delta=0.0 | elapsed=59.4s
  [az-selfplay] game 10/50 | samples=520 | mean_delta=0.0 | elapsed=119.5s
  [az-selfplay] game 15/50 | samples=780 | mean_delta=0.0 | elapsed=178.4s
  [az-selfplay] game 20/50 | samples=1040 | mean_delta=0.0 | elapsed=238.3s
  [az-selfplay] game 25/50 | samples=1300 | mean_delta=0.0 | elapsed=295.7s
  [az-selfplay] game 30/50 | samples=1560 | mean_delta=0.0 | elapsed=354.4s
  [az-selfplay] game 35/50 | samples=1820 | mean_delta=0.0 | elapsed=414.8s
  [az-selfplay] game 40/50 | samples=2080 | mean_delta=0.0 | elapsed=476.7s
  [az-selfplay] game 45/50 | samples=2340 | mean_delta=0.0 | elapsed=537.9s
  [az-selfplay] game 50/50 | samples=2600 | mean_delta=0.0 | elapsed=588.6s
  Data gen complete: 10400 samples | mean_delta=0.0
  Combined dataset: 93600 samples (new=10400 + replay)

  [2/4] Training (30 epochs, hidden=768/384)...
Loading dataset: reports/ml/alphazero_pilot_v3/iter_009/az_dataset_combined.jsonl
Loaded 93600 samples | feature_dim=1072
Training device: mps
warm-start from reports/ml/alphazero_pilot_v3/best_model.npz | applied=30 skipped=0
epoch 1/30 | lr=0.000100 | train_loss=1.5982 train_acc=0.616 train_v=0.0364 train_mv=0.5166 | val_loss=1.4365 val_acc=0.654 val_v=0.0333 val_mv=0.5117
epoch 2/30 | lr=0.000300 | train_loss=1.5774 train_acc=0.622 train_v=0.0356 train_mv=0.5128 | val_loss=1.4571 val_acc=0.655 val_v=0.0323 val_mv=0.5060
epoch 3/30 | lr=0.000500 | train_loss=1.5347 train_acc=0.627 train_v=0.0348 train_mv=0.5057 | val_loss=1.4771 val_acc=0.653 val_v=0.0318 val_mv=0.4976
epoch 4/30 | lr=0.000500 | train_loss=1.4715 train_acc=0.637 train_v=0.0342 train_mv=0.4981 | val_loss=1.4729 val_acc=0.661 val_v=0.0312 val_mv=0.4904
epoch 5/30 | lr=0.000500 | train_loss=1.4186 train_acc=0.639 train_v=0.0337 train_mv=0.4916 | val_loss=1.4778 val_acc=0.663 val_v=0.0313 val_mv=0.4843
epoch 6/30 | lr=0.000500 | train_loss=1.3780 train_acc=0.648 train_v=0.0335 train_mv=0.4859 | val_loss=1.4699 val_acc=0.667 val_v=0.0308 val_mv=0.4789
  Training done: epochs=6 | val_loss=1.4365

  [3/4] Evaluating vs heuristic (20 games)...
game 20/20 | nn_wins=17 h_wins=2 ties=1 | nn_avg=61.9 h_avg=47.0
  Eval: nn_wins=17 / 20 | mean_score=61.9 | win_rate=0.850

  [4/4] Promotion gate (40 games)...
game 20/40 | nn_wins=12 h_wins=7 ties=1 | nn_avg=56.1 h_avg=54.2
game 40/40 | nn_wins=29 h_wins=10 ties=1 | nn_avg=56.2 h_avg=50.5
  Gate: nn_wins=29 / 40 | win_rate=0.725 | promoted=True
  ✓ Promoted! best_model.npz updated.

============================================================
  AlphaZero iter 10/10 | mcts_sims=15
  out: reports/ml/alphazero_pilot_v3/iter_010
============================================================

  [1/4] Generating self-play data (200 games, 15 sims, 4 workers)...
  [az-selfplay] game 5/50 | samples=260 | mean_delta=0.0 | elapsed=33.8s
  [az-selfplay] game 10/50 | samples=520 | mean_delta=0.0 | elapsed=67.3s
  [az-selfplay] game 15/50 | samples=780 | mean_delta=0.0 | elapsed=100.7s
  [az-selfplay] game 20/50 | samples=1040 | mean_delta=0.0 | elapsed=135.5s
  [az-selfplay] game 25/50 | samples=1300 | mean_delta=0.0 | elapsed=168.9s
  [az-selfplay] game 30/50 | samples=1560 | mean_delta=0.0 | elapsed=197.6s
  [az-selfplay] game 35/50 | samples=1820 | mean_delta=0.0 | elapsed=225.0s
  [az-selfplay] game 40/50 | samples=2080 | mean_delta=0.0 | elapsed=269.3s
  [az-selfplay] game 45/50 | samples=2340 | mean_delta=0.0 | elapsed=327.4s
  [az-selfplay] game 50/50 | samples=2600 | mean_delta=0.0 | elapsed=387.6s
  [az-selfplay] game 5/50 | samples=260 | mean_delta=0.0 | elapsed=33.7s
  [az-selfplay] game 10/50 | samples=520 | mean_delta=0.0 | elapsed=67.4s
  [az-selfplay] game 15/50 | samples=780 | mean_delta=0.0 | elapsed=101.0s
  [az-selfplay] game 20/50 | samples=1040 | mean_delta=0.0 | elapsed=135.3s
  [az-selfplay] game 25/50 | samples=1300 | mean_delta=0.0 | elapsed=169.3s
  [az-selfplay] game 30/50 | samples=1560 | mean_delta=0.0 | elapsed=197.1s
  [az-selfplay] game 35/50 | samples=1820 | mean_delta=0.0 | elapsed=224.2s
  [az-selfplay] game 40/50 | samples=2080 | mean_delta=0.0 | elapsed=271.3s
  [az-selfplay] game 45/50 | samples=2340 | mean_delta=0.0 | elapsed=330.8s
  [az-selfplay] game 50/50 | samples=2600 | mean_delta=0.0 | elapsed=390.7s
  [az-selfplay] game 5/50 | samples=260 | mean_delta=0.0 | elapsed=34.2s
  [az-selfplay] game 10/50 | samples=520 | mean_delta=0.0 | elapsed=68.0s
  [az-selfplay] game 15/50 | samples=780 | mean_delta=0.0 | elapsed=101.3s
  [az-selfplay] game 20/50 | samples=1040 | mean_delta=0.0 | elapsed=136.0s
  [az-selfplay] game 25/50 | samples=1300 | mean_delta=0.0 | elapsed=169.4s
  [az-selfplay] game 30/50 | samples=1560 | mean_delta=0.0 | elapsed=198.4s
  [az-selfplay] game 35/50 | samples=1820 | mean_delta=0.0 | elapsed=225.8s
  [az-selfplay] game 40/50 | samples=2080 | mean_delta=0.0 | elapsed=272.0s
  [az-selfplay] game 45/50 | samples=2340 | mean_delta=0.0 | elapsed=332.0s
  [az-selfplay] game 50/50 | samples=2600 | mean_delta=0.0 | elapsed=391.2s
  [az-selfplay] game 5/50 | samples=260 | mean_delta=0.0 | elapsed=32.9s
  [az-selfplay] game 10/50 | samples=520 | mean_delta=0.0 | elapsed=67.8s
  [az-selfplay] game 15/50 | samples=780 | mean_delta=0.0 | elapsed=100.8s
  [az-selfplay] game 20/50 | samples=1040 | mean_delta=0.0 | elapsed=135.6s
  [az-selfplay] game 25/50 | samples=1300 | mean_delta=0.0 | elapsed=169.0s
  [az-selfplay] game 30/50 | samples=1560 | mean_delta=0.0 | elapsed=197.2s
  [az-selfplay] game 35/50 | samples=1820 | mean_delta=0.0 | elapsed=225.1s
  [az-selfplay] game 40/50 | samples=2080 | mean_delta=0.0 | elapsed=272.2s
  [az-selfplay] game 45/50 | samples=2340 | mean_delta=0.0 | elapsed=332.5s
  [az-selfplay] game 50/50 | samples=2600 | mean_delta=0.0 | elapsed=393.0s
  Data gen complete: 10400 samples | mean_delta=0.0
  Combined dataset: 104000 samples (new=10400 + replay)

  [2/4] Training (30 epochs, hidden=768/384)...
Loading dataset: reports/ml/alphazero_pilot_v3/iter_010/az_dataset_combined.jsonl
Loaded 104000 samples | feature_dim=1072
Training device: mps
warm-start from reports/ml/alphazero_pilot_v3/best_model.npz | applied=30 skipped=0
epoch 1/30 | lr=0.000100 | train_loss=1.5872 train_acc=0.617 train_v=0.0349 train_mv=0.5129 | val_loss=1.4300 val_acc=0.647 val_v=0.0336 val_mv=0.5113
epoch 2/30 | lr=0.000300 | train_loss=1.5705 train_acc=0.623 train_v=0.0343 train_mv=0.5087 | val_loss=1.4548 val_acc=0.650 val_v=0.0330 val_mv=0.5053
epoch 3/30 | lr=0.000500 | train_loss=1.5361 train_acc=0.628 train_v=0.0335 train_mv=0.5013 | val_loss=1.4825 val_acc=0.651 val_v=0.0319 val_mv=0.4965
epoch 4/30 | lr=0.000500 | train_loss=1.4734 train_acc=0.634 train_v=0.0330 train_mv=0.4932 | val_loss=1.4781 val_acc=0.653 val_v=0.0317 val_mv=0.4892
epoch 5/30 | lr=0.000500 | train_loss=1.4263 train_acc=0.639 train_v=0.0326 train_mv=0.4864 | val_loss=1.4710 val_acc=0.660 val_v=0.0312 val_mv=0.4829
epoch 6/30 | lr=0.000500 | train_loss=1.3854 train_acc=0.648 train_v=0.0323 train_mv=0.4807 | val_loss=1.4754 val_acc=0.661 val_v=0.0308 val_mv=0.4776
  Training done: epochs=6 | val_loss=1.4300

  [3/4] Evaluating vs heuristic (20 games)...
game 20/20 | nn_wins=16 h_wins=4 ties=0 | nn_avg=61.9 h_avg=44.8
  Eval: nn_wins=16 / 20 | mean_score=61.9 | win_rate=0.800

  [4/4] Promotion gate (40 games)...
game 20/40 | nn_wins=16 h_wins=4 ties=0 | nn_avg=62.8 h_avg=46.6
game 40/40 | nn_wins=31 h_wins=9 ties=0 | nn_avg=61.3 h_avg=48.4
  Gate: nn_wins=31 / 40 | win_rate=0.775 | promoted=True
  ✓ Promoted! best_model.npz updated.

============================================================
  AlphaZero training complete: 10 iterations
  Total elapsed: 1.67 hours
  Best model: reports/ml/alphazero_pilot_v3/best_model.npz
============================================================
{
  "pipeline": "auto_improve_alphazero",
  "out_dir": "reports/ml/alphazero_pilot_v3",
  "iterations_completed": 10,
  "iterations_total": 10,
  "mcts_sims": 15,
  "total_elapsed_sec": 6016.5
}
