auto_improve: per-slot encoding → auto-scaled hidden1=768 hidden2=384
game 10/100 | samples=740 | mean_player_score=57.0
game 20/100 | samples=1480 | mean_player_score=57.8
game 30/100 | samples=2220 | mean_player_score=57.1
game 40/100 | samples=2960 | mean_player_score=57.6
game 50/100 | samples=3700 | mean_player_score=57.8
game 60/100 | samples=4440 | mean_player_score=58.0
game 70/100 | samples=5180 | mean_player_score=57.6
game 80/100 | samples=5920 | mean_player_score=58.0
game 90/100 | samples=6660 | mean_player_score=58.2
game 100/100 | samples=7400 | mean_player_score=57.8
game 10/100 | samples=740 | mean_player_score=62.4
game 20/100 | samples=1480 | mean_player_score=59.5
game 30/100 | samples=2220 | mean_player_score=58.1
game 40/100 | samples=2960 | mean_player_score=58.7
game 50/100 | samples=3700 | mean_player_score=58.4
game 60/100 | samples=4440 | mean_player_score=58.6
game 70/100 | samples=5180 | mean_player_score=58.4
game 80/100 | samples=5920 | mean_player_score=58.3
game 90/100 | samples=6660 | mean_player_score=58.6
game 100/100 | samples=7400 | mean_player_score=58.7
game 10/100 | samples=740 | mean_player_score=59.4
game 20/100 | samples=1480 | mean_player_score=58.2
game 30/100 | samples=2220 | mean_player_score=58.1
game 40/100 | samples=2960 | mean_player_score=57.2
game 50/100 | samples=3700 | mean_player_score=58.2
game 60/100 | samples=4440 | mean_player_score=57.3
game 70/100 | samples=5180 | mean_player_score=57.0
game 80/100 | samples=5920 | mean_player_score=57.0
game 90/100 | samples=6660 | mean_player_score=57.2
game 100/100 | samples=7400 | mean_player_score=57.6
game 10/100 | samples=740 | mean_player_score=56.6
game 20/100 | samples=1480 | mean_player_score=52.8
game 30/100 | samples=2220 | mean_player_score=55.9
game 40/100 | samples=2960 | mean_player_score=54.9
game 50/100 | samples=3700 | mean_player_score=55.4
game 60/100 | samples=4440 | mean_player_score=56.2
game 70/100 | samples=5180 | mean_player_score=56.5
game 80/100 | samples=5920 | mean_player_score=56.4
game 90/100 | samples=6660 | mean_player_score=56.8
game 100/100 | samples=7400 | mean_player_score=56.2
Loading dataset: reports/ml/phase4_slot_v2/iter_001/bc_dataset_combined.jsonl
Loaded 29600 samples | feature_dim=1072
Training device: mps
warm-start from reports/ml/phase4_slot_v1/best_model.npz | applied=30 skipped=0
epoch 1/30 | lr=0.000100 | train_loss=2.1154 train_acc=0.617 train_v=0.0049 train_mv=0.6404 | val_loss=1.7375 val_acc=0.667 val_v=0.0050 val_mv=0.6402
epoch 2/30 | lr=0.000300 | train_loss=1.7670 train_acc=0.649 train_v=0.0049 train_mv=0.6403 | val_loss=1.5450 val_acc=0.686 val_v=0.0049 val_mv=0.6400
epoch 3/30 | lr=0.000500 | train_loss=1.5637 train_acc=0.659 train_v=0.0048 train_mv=0.6399 | val_loss=1.4531 val_acc=0.686 val_v=0.0047 val_mv=0.6396
epoch 4/30 | lr=0.000500 | train_loss=1.4183 train_acc=0.672 train_v=0.0046 train_mv=0.6396 | val_loss=1.3901 val_acc=0.705 val_v=0.0045 val_mv=0.6392
epoch 5/30 | lr=0.000500 | train_loss=1.3235 train_acc=0.677 train_v=0.0045 train_mv=0.6392 | val_loss=1.3451 val_acc=0.708 val_v=0.0045 val_mv=0.6388
epoch 6/30 | lr=0.000500 | train_loss=1.2531 train_acc=0.690 train_v=0.0045 train_mv=0.6389 | val_loss=1.3174 val_acc=0.715 val_v=0.0043 val_mv=0.6384
epoch 7/30 | lr=0.000500 | train_loss=1.2148 train_acc=0.693 train_v=0.0044 train_mv=0.6385 | val_loss=1.2889 val_acc=0.720 val_v=0.0041 val_mv=0.6381
epoch 8/30 | lr=0.000500 | train_loss=1.1607 train_acc=0.702 train_v=0.0043 train_mv=0.6381 | val_loss=1.2701 val_acc=0.723 val_v=0.0041 val_mv=0.6377
epoch 9/30 | lr=0.000350 | train_loss=1.1140 train_acc=0.708 train_v=0.0043 train_mv=0.6378 | val_loss=1.2496 val_acc=0.727 val_v=0.0041 val_mv=0.6375
epoch 10/30 | lr=0.000350 | train_loss=1.0903 train_acc=0.716 train_v=0.0043 train_mv=0.6376 | val_loss=1.2302 val_acc=0.735 val_v=0.0041 val_mv=0.6372
epoch 11/30 | lr=0.000350 | train_loss=1.0618 train_acc=0.722 train_v=0.0042 train_mv=0.6374 | val_loss=1.2202 val_acc=0.731 val_v=0.0040 val_mv=0.6370
epoch 12/30 | lr=0.000350 | train_loss=1.0453 train_acc=0.721 train_v=0.0043 train_mv=0.6371 | val_loss=1.2094 val_acc=0.738 val_v=0.0040 val_mv=0.6368
epoch 13/30 | lr=0.000350 | train_loss=1.0245 train_acc=0.725 train_v=0.0043 train_mv=0.6369 | val_loss=1.2036 val_acc=0.742 val_v=0.0039 val_mv=0.6365
epoch 14/30 | lr=0.000245 | train_loss=0.9968 train_acc=0.732 train_v=0.0042 train_mv=0.6367 | val_loss=1.1942 val_acc=0.743 val_v=0.0040 val_mv=0.6364
epoch 15/30 | lr=0.000245 | train_loss=0.9815 train_acc=0.731 train_v=0.0043 train_mv=0.6366 | val_loss=1.1887 val_acc=0.748 val_v=0.0042 val_mv=0.6362
epoch 16/30 | lr=0.000245 | train_loss=0.9707 train_acc=0.734 train_v=0.0043 train_mv=0.6364 | val_loss=1.1848 val_acc=0.747 val_v=0.0041 val_mv=0.6361
epoch 17/30 | lr=0.000245 | train_loss=0.9580 train_acc=0.739 train_v=0.0042 train_mv=0.6363 | val_loss=1.1841 val_acc=0.751 val_v=0.0041 val_mv=0.6359
epoch 18/30 | lr=0.000245 | train_loss=0.9506 train_acc=0.739 train_v=0.0042 train_mv=0.6361 | val_loss=1.1747 val_acc=0.750 val_v=0.0040 val_mv=0.6357
epoch 19/30 | lr=0.000171 | train_loss=0.9391 train_acc=0.740 train_v=0.0042 train_mv=0.6360 | val_loss=1.1669 val_acc=0.756 val_v=0.0041 val_mv=0.6356
epoch 20/30 | lr=0.000171 | train_loss=0.9277 train_acc=0.747 train_v=0.0042 train_mv=0.6359 | val_loss=1.1682 val_acc=0.753 val_v=0.0041 val_mv=0.6355
epoch 21/30 | lr=0.000171 | train_loss=0.9166 train_acc=0.748 train_v=0.0042 train_mv=0.6358 | val_loss=1.1732 val_acc=0.755 val_v=0.0041 val_mv=0.6354
epoch 22/30 | lr=0.000171 | train_loss=0.9058 train_acc=0.749 train_v=0.0042 train_mv=0.6357 | val_loss=1.1687 val_acc=0.754 val_v=0.0041 val_mv=0.6353
epoch 23/30 | lr=0.000171 | train_loss=0.9033 train_acc=0.753 train_v=0.0043 train_mv=0.6356 | val_loss=1.1682 val_acc=0.755 val_v=0.0041 val_mv=0.6352
epoch 24/30 | lr=0.000120 | train_loss=0.8891 train_acc=0.754 train_v=0.0042 train_mv=0.6355 | val_loss=1.1630 val_acc=0.755 val_v=0.0040 val_mv=0.6352
epoch 25/30 | lr=0.000120 | train_loss=0.8853 train_acc=0.754 train_v=0.0043 train_mv=0.6355 | val_loss=1.1619 val_acc=0.755 val_v=0.0042 val_mv=0.6351
epoch 26/30 | lr=0.000120 | train_loss=0.8785 train_acc=0.755 train_v=0.0043 train_mv=0.6354 | val_loss=1.1579 val_acc=0.759 val_v=0.0040 val_mv=0.6350
epoch 27/30 | lr=0.000120 | train_loss=0.8771 train_acc=0.755 train_v=0.0042 train_mv=0.6353 | val_loss=1.1581 val_acc=0.760 val_v=0.0039 val_mv=0.6349
epoch 28/30 | lr=0.000120 | train_loss=0.8743 train_acc=0.757 train_v=0.0043 train_mv=0.6353 | val_loss=1.1504 val_acc=0.760 val_v=0.0041 val_mv=0.6349
epoch 29/30 | lr=0.000084 | train_loss=0.8686 train_acc=0.757 train_v=0.0042 train_mv=0.6352 | val_loss=1.1519 val_acc=0.764 val_v=0.0040 val_mv=0.6348
epoch 30/30 | lr=0.000084 | train_loss=0.8618 train_acc=0.758 train_v=0.0042 train_mv=0.6351 | val_loss=1.1500 val_acc=0.763 val_v=0.0040 val_mv=0.6348
game 20/40 | nn_wins=12 h_wins=8 ties=0 | nn_avg=58.0 h_avg=52.7
game 40/40 | nn_wins=26 h_wins=14 ties=0 | nn_avg=58.8 h_avg=50.4
game 20/80 | nn_wins=13 h_wins=7 ties=0 | nn_avg=60.6 h_avg=53.1
game 40/80 | nn_wins=24 h_wins=16 ties=0 | nn_avg=56.5 h_avg=51.4
game 60/80 | nn_wins=35 h_wins=25 ties=0 | nn_avg=55.6 h_avg=51.7
game 80/80 | nn_wins=50 h_wins=30 ties=0 | nn_avg=55.8 h_avg=50.5
opp=heuristic | nn_wins=28/40 | margin=9.45 | nn_ge100=0.000
game 10/20 | samples=520 | mean_player_score=62.3 | mean_winner_score=67.4
game 20/20 | samples=1040 | mean_player_score=60.0 | mean_winner_score=65.6
game 20/80 | nn_wins=13 h_wins=7 ties=0 | nn_avg=59.1 h_avg=50.2
game 40/80 | nn_wins=25 h_wins=15 ties=0 | nn_avg=58.3 h_avg=50.9
game 60/80 | nn_wins=39 h_wins=21 ties=0 | nn_avg=57.0 h_avg=50.8
game 80/80 | nn_wins=51 h_wins=29 ties=0 | nn_avg=58.2 h_avg=52.4
iter 1/7 | samples=29600 | eval_wins=26/40 margin=8.43 | gate_wins=50/80 | pool_win=0.700 ge100=0.000 | kpi_pass=True strict_kpi_pass=True fixed_seed_gate_pass=True promoted=True selected_best=True
game 10/100 | samples=740 | mean_player_score=61.6
game 20/100 | samples=1480 | mean_player_score=63.0
game 30/100 | samples=2220 | mean_player_score=62.5
game 40/100 | samples=2960 | mean_player_score=64.1
game 50/100 | samples=3700 | mean_player_score=64.2
game 60/100 | samples=4440 | mean_player_score=65.5
game 70/100 | samples=5180 | mean_player_score=66.0
game 80/100 | samples=5920 | mean_player_score=66.0
game 90/100 | samples=6660 | mean_player_score=66.0
game 100/100 | samples=7400 | mean_player_score=65.9
game 10/100 | samples=740 | mean_player_score=64.4
game 20/100 | samples=1480 | mean_player_score=65.2
game 30/100 | samples=2220 | mean_player_score=64.4
game 40/100 | samples=2960 | mean_player_score=63.9
game 50/100 | samples=3700 | mean_player_score=63.9
game 60/100 | samples=4440 | mean_player_score=63.8
game 70/100 | samples=5180 | mean_player_score=63.7
game 80/100 | samples=5920 | mean_player_score=64.5
game 90/100 | samples=6660 | mean_player_score=64.2
game 100/100 | samples=7400 | mean_player_score=64.0
game 10/100 | samples=740 | mean_player_score=62.1
game 20/100 | samples=1480 | mean_player_score=63.1
game 30/100 | samples=2220 | mean_player_score=61.2
game 40/100 | samples=2960 | mean_player_score=61.2
game 50/100 | samples=3700 | mean_player_score=62.0
game 60/100 | samples=4440 | mean_player_score=61.9
game 70/100 | samples=5180 | mean_player_score=62.3
game 80/100 | samples=5920 | mean_player_score=62.2
game 90/100 | samples=6660 | mean_player_score=62.7
game 100/100 | samples=7400 | mean_player_score=62.9
game 10/100 | samples=740 | mean_player_score=64.2
game 20/100 | samples=1480 | mean_player_score=63.2
game 30/100 | samples=2220 | mean_player_score=61.4
game 40/100 | samples=2960 | mean_player_score=61.1
game 50/100 | samples=3700 | mean_player_score=62.6
game 60/100 | samples=4440 | mean_player_score=63.0
game 70/100 | samples=5180 | mean_player_score=62.7
game 80/100 | samples=5920 | mean_player_score=62.7
game 90/100 | samples=6660 | mean_player_score=62.9
game 100/100 | samples=7400 | mean_player_score=62.7
Loading dataset: reports/ml/phase4_slot_v2/iter_002/bc_dataset_combined.jsonl
Loaded 59200 samples | feature_dim=1072
Training device: mps
epoch 1/30 | lr=0.000100 | train_loss=2.8995 train_acc=0.414 train_v=0.1209 train_mv=0.6890 | val_loss=2.5029 val_acc=0.499 val_v=0.0339 val_mv=0.6885
epoch 2/30 | lr=0.000300 | train_loss=2.3270 train_acc=0.515 train_v=0.0562 train_mv=0.6870 | val_loss=2.1586 val_acc=0.558 val_v=0.0143 val_mv=0.6856
epoch 3/30 | lr=0.000500 | train_loss=2.0948 train_acc=0.551 train_v=0.0213 train_mv=0.6832 | val_loss=1.9845 val_acc=0.584 val_v=0.0081 val_mv=0.6811
epoch 4/30 | lr=0.000500 | train_loss=1.9427 train_acc=0.571 train_v=0.0092 train_mv=0.6788 | val_loss=1.8751 val_acc=0.596 val_v=0.0073 val_mv=0.6769
epoch 5/30 | lr=0.000500 | train_loss=1.8264 train_acc=0.585 train_v=0.0062 train_mv=0.6748 | val_loss=1.7983 val_acc=0.609 val_v=0.0063 val_mv=0.6731
epoch 6/30 | lr=0.000500 | train_loss=1.7301 train_acc=0.597 train_v=0.0053 train_mv=0.6712 | val_loss=1.7206 val_acc=0.615 val_v=0.0059 val_mv=0.6696
epoch 7/30 | lr=0.000500 | train_loss=1.6416 train_acc=0.604 train_v=0.0049 train_mv=0.6678 | val_loss=1.6433 val_acc=0.624 val_v=0.0058 val_mv=0.6664
epoch 8/30 | lr=0.000500 | train_loss=1.5773 train_acc=0.611 train_v=0.0048 train_mv=0.6647 | val_loss=1.6012 val_acc=0.631 val_v=0.0061 val_mv=0.6634
epoch 9/30 | lr=0.000350 | train_loss=1.5035 train_acc=0.619 train_v=0.0047 train_mv=0.6622 | val_loss=1.5595 val_acc=0.636 val_v=0.0057 val_mv=0.6615
epoch 10/30 | lr=0.000350 | train_loss=1.4632 train_acc=0.623 train_v=0.0047 train_mv=0.6603 | val_loss=1.5194 val_acc=0.637 val_v=0.0059 val_mv=0.6597
epoch 11/30 | lr=0.000350 | train_loss=1.4184 train_acc=0.630 train_v=0.0047 train_mv=0.6585 | val_loss=1.4887 val_acc=0.641 val_v=0.0058 val_mv=0.6580
epoch 12/30 | lr=0.000350 | train_loss=1.3885 train_acc=0.634 train_v=0.0047 train_mv=0.6568 | val_loss=1.4766 val_acc=0.644 val_v=0.0055 val_mv=0.6563
epoch 13/30 | lr=0.000350 | train_loss=1.3592 train_acc=0.637 train_v=0.0047 train_mv=0.6553 | val_loss=1.4494 val_acc=0.649 val_v=0.0054 val_mv=0.6548
epoch 14/30 | lr=0.000245 | train_loss=1.3182 train_acc=0.644 train_v=0.0046 train_mv=0.6539 | val_loss=1.4377 val_acc=0.647 val_v=0.0052 val_mv=0.6538
epoch 15/30 | lr=0.000245 | train_loss=1.2959 train_acc=0.645 train_v=0.0046 train_mv=0.6529 | val_loss=1.4064 val_acc=0.657 val_v=0.0054 val_mv=0.6528
epoch 16/30 | lr=0.000245 | train_loss=1.2738 train_acc=0.649 train_v=0.0046 train_mv=0.6520 | val_loss=1.3938 val_acc=0.658 val_v=0.0048 val_mv=0.6518
epoch 17/30 | lr=0.000245 | train_loss=1.2541 train_acc=0.652 train_v=0.0047 train_mv=0.6510 | val_loss=1.3842 val_acc=0.665 val_v=0.0055 val_mv=0.6509
epoch 18/30 | lr=0.000245 | train_loss=1.2369 train_acc=0.656 train_v=0.0047 train_mv=0.6501 | val_loss=1.3684 val_acc=0.663 val_v=0.0054 val_mv=0.6500
epoch 19/30 | lr=0.000171 | train_loss=1.2183 train_acc=0.656 train_v=0.0046 train_mv=0.6493 | val_loss=1.3580 val_acc=0.666 val_v=0.0053 val_mv=0.6494
epoch 20/30 | lr=0.000171 | train_loss=1.2042 train_acc=0.659 train_v=0.0047 train_mv=0.6487 | val_loss=1.3553 val_acc=0.664 val_v=0.0051 val_mv=0.6488
epoch 21/30 | lr=0.000171 | train_loss=1.1853 train_acc=0.665 train_v=0.0046 train_mv=0.6481 | val_loss=1.3449 val_acc=0.667 val_v=0.0054 val_mv=0.6482
epoch 22/30 | lr=0.000171 | train_loss=1.1802 train_acc=0.664 train_v=0.0046 train_mv=0.6476 | val_loss=1.3362 val_acc=0.669 val_v=0.0051 val_mv=0.6477
epoch 23/30 | lr=0.000171 | train_loss=1.1709 train_acc=0.663 train_v=0.0046 train_mv=0.6470 | val_loss=1.3312 val_acc=0.674 val_v=0.0050 val_mv=0.6471
epoch 24/30 | lr=0.000120 | train_loss=1.1490 train_acc=0.669 train_v=0.0046 train_mv=0.6466 | val_loss=1.3256 val_acc=0.676 val_v=0.0054 val_mv=0.6468
epoch 25/30 | lr=0.000120 | train_loss=1.1425 train_acc=0.671 train_v=0.0046 train_mv=0.6462 | val_loss=1.3238 val_acc=0.674 val_v=0.0052 val_mv=0.6464
epoch 26/30 | lr=0.000120 | train_loss=1.1373 train_acc=0.673 train_v=0.0046 train_mv=0.6458 | val_loss=1.3225 val_acc=0.672 val_v=0.0053 val_mv=0.6460
epoch 27/30 | lr=0.000120 | train_loss=1.1289 train_acc=0.672 train_v=0.0046 train_mv=0.6455 | val_loss=1.3158 val_acc=0.676 val_v=0.0053 val_mv=0.6457
epoch 28/30 | lr=0.000120 | train_loss=1.1218 train_acc=0.674 train_v=0.0046 train_mv=0.6451 | val_loss=1.3156 val_acc=0.679 val_v=0.0052 val_mv=0.6453
epoch 29/30 | lr=0.000084 | train_loss=1.1123 train_acc=0.674 train_v=0.0046 train_mv=0.6448 | val_loss=1.3105 val_acc=0.677 val_v=0.0052 val_mv=0.6451
epoch 30/30 | lr=0.000084 | train_loss=1.1089 train_acc=0.679 train_v=0.0046 train_mv=0.6446 | val_loss=1.3067 val_acc=0.678 val_v=0.0052 val_mv=0.6448
game 20/40 | nn_wins=12 h_wins=8 ties=0 | nn_avg=57.5 h_avg=49.4
game 40/40 | nn_wins=23 h_wins=17 ties=0 | nn_avg=56.8 h_avg=51.7
game 20/80 | nn_wins=12 h_wins=6 ties=2 | nn_avg=53.6 h_avg=47.9
game 40/80 | nn_wins=21 h_wins=16 ties=3 | nn_avg=54.0 h_avg=50.2
game 60/80 | nn_wins=30 h_wins=25 ties=5 | nn_avg=51.7 h_avg=49.3
game 80/80 | nn_wins=38 h_wins=37 ties=5 | nn_avg=52.2 h_avg=52.0
opp=heuristic | nn_wins=27/40 | margin=7.12 | nn_ge100=0.000
opp=reports/ml/phase4_slot_v2/best_model.npz | nn_wins=16/40 | margin=-2.62 | nn_ge100=0.000
game 10/20 | samples=520 | mean_player_score=63.1 | mean_winner_score=71.8
game 20/20 | samples=1040 | mean_player_score=61.4 | mean_winner_score=70.5
game 20/80 | nn_wins=16 h_wins=4 ties=0 | nn_avg=58.1 h_avg=44.8
game 40/80 | nn_wins=27 h_wins=13 ties=0 | nn_avg=54.4 h_avg=47.9
game 60/80 | nn_wins=36 h_wins=23 ties=1 | nn_avg=53.8 h_avg=49.6
game 80/80 | nn_wins=49 h_wins=30 ties=1 | nn_avg=53.4 h_avg=49.2
iter 2/7 | samples=29600 | eval_wins=23/40 margin=5.05 | gate_wins=38/80 | pool_win=0.537 ge100=0.000 | kpi_pass=True strict_kpi_pass=True fixed_seed_gate_pass=True promoted=True selected_best=False
game 10/100 | samples=740 | mean_player_score=61.8
game 20/100 | samples=1480 | mean_player_score=63.1
game 30/100 | samples=2220 | mean_player_score=64.3
game 10/100 | samples=740 | mean_player_score=63.1
game 20/100 | samples=1480 | mean_player_score=60.8
game 30/100 | samples=2220 | mean_player_score=61.5
game 40/100 | samples=2960 | mean_player_score=62.7
game 50/100 | samples=3700 | mean_player_score=62.7
game 60/100 | samples=4440 | mean_player_score=62.7
game 70/100 | samples=5180 | mean_player_score=63.6
game 80/100 | samples=5920 | mean_player_score=63.7
game 90/100 | samples=6660 | mean_player_score=63.3
game 100/100 | samples=7400 | mean_player_score=63.3
game 10/100 | samples=740 | mean_player_score=65.0
game 20/100 | samples=1480 | mean_player_score=63.7
game 30/100 | samples=2220 | mean_player_score=63.0
game 40/100 | samples=2960 | mean_player_score=62.1
game 50/100 | samples=3700 | mean_player_score=61.5
game 60/100 | samples=4440 | mean_player_score=61.1
game 70/100 | samples=5180 | mean_player_score=61.3
game 80/100 | samples=5920 | mean_player_score=61.2
game 90/100 | samples=6660 | mean_player_score=61.5
game 100/100 | samples=7400 | mean_player_score=61.5
multiprocessing.pool.RemoteTraceback: 
"""
Traceback (most recent call last):
  File "/opt/anaconda3/lib/python3.12/multiprocessing/pool.py", line 125, in worker
    result = (True, func(*args, **kwds))
                    ^^^^^^^^^^^^^^^^^^^
  File "/opt/anaconda3/lib/python3.12/multiprocessing/pool.py", line 48, in mapstar
    return list(map(*args))
           ^^^^^^^^^^^^^^^^
  File "/Users/EvanRobinson/Desktop/Coded Games/Wingspan Solver/backend/ml/auto_improve_factorized.py", line 134, in _run_dataset_shard
    meta = generate_bc_dataset(**kwargs)
           ^^^^^^^^^^^^^^^^^^^^^^^^^^^^^
  File "/Users/EvanRobinson/Desktop/Coded Games/Wingspan Solver/backend/ml/generate_bc_dataset.py", line 568, in generate_bc_dataset
    best = _select_policy_move(
           ^^^^^^^^^^^^^^^^^^^^
  File "/Users/EvanRobinson/Desktop/Coded Games/Wingspan Solver/backend/ml/generate_bc_dataset.py", line 244, in _select_policy_move
    look = _rerank_with_lookahead(
           ^^^^^^^^^^^^^^^^^^^^^^^
  File "/Users/EvanRobinson/Desktop/Coded Games/Wingspan Solver/backend/ml/generate_bc_dataset.py", line 186, in _rerank_with_lookahead
    best2 = max(moves2, key=lambda m: _heuristic_score_move(sim, p2, m))
            ^^^^^^^^^^^^^^^^^^^^^^^^^^^^^^^^^^^^^^^^^^^^^^^^^^^^^^^^^^^^
  File "/Users/EvanRobinson/Desktop/Coded Games/Wingspan Solver/backend/ml/generate_bc_dataset.py", line 186, in <lambda>
    best2 = max(moves2, key=lambda m: _heuristic_score_move(sim, p2, m))
                                      ^^^^^^^^^^^^^^^^^^^^^^^^^^^^^^^^^
  File "/Users/EvanRobinson/Desktop/Coded Games/Wingspan Solver/backend/ml/generate_bc_dataset.py", line 53, in _heuristic_score_move
    return float(_estimate_move_value(game, player, move, w))
                 ^^^^^^^^^^^^^^^^^^^^^^^^^^^^^^^^^^^^^^^^^^^
  File "/Users/EvanRobinson/Desktop/Coded Games/Wingspan Solver/backend/solver/heuristics.py", line 1015, in _estimate_move_value
    value = _evaluate_play_bird(game, player, move, weights)
            ^^^^^^^^^^^^^^^^^^^^^^^^^^^^^^^^^^^^^^^^^^^^^^^^
  File "/Users/EvanRobinson/Desktop/Coded Games/Wingspan Solver/backend/solver/heuristics.py", line 1416, in _evaluate_play_bird
    eggs_after = player.board.total_eggs() - (EGG_COST_BY_COLUMN[slot_idx] if slot_idx is not None else 0)
                                              ~~~~~~~~~~~~~~~~~~^^^^^^^^^^
IndexError: tuple index out of range
"""

The above exception was the direct cause of the following exception:

Traceback (most recent call last):
  File "<frozen runpy>", line 198, in _run_module_as_main
  File "<frozen runpy>", line 88, in _run_code
  File "/Users/EvanRobinson/Desktop/Coded Games/Wingspan Solver/backend/ml/auto_improve_factorized.py", line 1681, in <module>
    main()
  File "/Users/EvanRobinson/Desktop/Coded Games/Wingspan Solver/backend/ml/auto_improve_factorized.py", line 1556, in main
    manifest = run_auto_improve_factorized(
               ^^^^^^^^^^^^^^^^^^^^^^^^^^^^
  File "/Users/EvanRobinson/Desktop/Coded Games/Wingspan Solver/backend/ml/auto_improve_factorized.py", line 564, in run_auto_improve_factorized
    shard_results = pool.map(_run_dataset_shard, shard_tasks)
                    ^^^^^^^^^^^^^^^^^^^^^^^^^^^^^^^^^^^^^^^^^
  File "/opt/anaconda3/lib/python3.12/multiprocessing/pool.py", line 367, in map
    return self._map_async(func, iterable, mapstar, chunksize).get()
           ^^^^^^^^^^^^^^^^^^^^^^^^^^^^^^^^^^^^^^^^^^^^^^^^^^^^^^^^^
  File "/opt/anaconda3/lib/python3.12/multiprocessing/pool.py", line 774, in get
    raise self._value
IndexError: tuple index out of range
